CRITICAL - 2023-11-21 21:08:52 --> mysqli_connect(): (HY000/1049): Unknown database 'tokoacc'
#0 [internal function]: CodeIgniter\Debug\Exceptions->errorHandler(2, 'mysqli_connect(...', 'C:\\xampp\\htdocs...', 9, Array)
#1 C:\xampp\htdocs\tes\app\Views\barang\barang.php(9): mysqli_connect('localhost', 'root', '', 'tokoacc')
#2 C:\xampp\htdocs\tes\system\View\View.php(210): include('C:\\xampp\\htdocs...')
#3 C:\xampp\htdocs\tes\system\View\View.php(213): CodeIgniter\View\View->CodeIgniter\View\{closure}()
#4 C:\xampp\htdocs\tes\system\Common.php(1089): CodeIgniter\View\View->render('barang/barang', Array, true)
#5 C:\xampp\htdocs\tes\app\Controllers\Home.php(48): view('barang/barang')
#6 C:\xampp\htdocs\tes\system\CodeIgniter.php(832): App\Controllers\Home->barang()
#7 C:\xampp\htdocs\tes\system\CodeIgniter.php(419): CodeIgniter\CodeIgniter->runController(Object(App\Controllers\Home))
#8 C:\xampp\htdocs\tes\system\CodeIgniter.php(326): CodeIgniter\CodeIgniter->handleRequest(NULL, Object(Config\Cache), false)
#9 C:\xampp\htdocs\tes\public\index.php(37): CodeIgniter\CodeIgniter->run()
#10 C:\xampp\htdocs\tes\system\Commands\Server\rewrite.php(43): require_once('C:\\xampp\\htdocs...')
#11 {main}
CRITICAL - 2023-11-21 21:32:12 --> mysqli_connect(): (HY000/1049): Unknown database 'tokoacc'
#0 [internal function]: CodeIgniter\Debug\Exceptions->errorHandler(2, 'mysqli_connect(...', 'C:\\xampp\\htdocs...', 9, Array)
#1 C:\xampp\htdocs\tes\app\Views\barang\barang.php(9): mysqli_connect('localhost', 'root', '', 'tokoacc')
#2 C:\xampp\htdocs\tes\system\View\View.php(210): include('C:\\xampp\\htdocs...')
#3 C:\xampp\htdocs\tes\system\View\View.php(213): CodeIgniter\View\View->CodeIgniter\View\{closure}()
#4 C:\xampp\htdocs\tes\system\Common.php(1089): CodeIgniter\View\View->render('barang/barang', Array, true)
#5 C:\xampp\htdocs\tes\app\Controllers\Home.php(48): view('barang/barang')
#6 C:\xampp\htdocs\tes\system\CodeIgniter.php(832): App\Controllers\Home->barang()
#7 C:\xampp\htdocs\tes\system\CodeIgniter.php(419): CodeIgniter\CodeIgniter->runController(Object(App\Controllers\Home))
#8 C:\xampp\htdocs\tes\system\CodeIgniter.php(326): CodeIgniter\CodeIgniter->handleRequest(NULL, Object(Config\Cache), false)
#9 C:\xampp\htdocs\tes\public\index.php(37): CodeIgniter\CodeIgniter->run()
#10 C:\xampp\htdocs\tes\system\Commands\Server\rewrite.php(43): require_once('C:\\xampp\\htdocs...')
#11 {main}
