CRITICAL - 2024-02-26 22:41:02 --> mysqli_connect(): (HY000/1049): Unknown database 'tb_kasir'
#0 [internal function]: CodeIgniter\Debug\Exceptions->errorHandler(2, 'mysqli_connect(...', 'C:\\xampp\\htdocs...', 9, Array)
#1 C:\xampp\htdocs\childcare\app\Views\barang\barang.php(9): mysqli_connect('localhost', 'root', '', 'tb_kasir')
#2 C:\xampp\htdocs\childcare\system\View\View.php(210): include('C:\\xampp\\htdocs...')
#3 C:\xampp\htdocs\childcare\system\View\View.php(213): CodeIgniter\View\View->CodeIgniter\View\{closure}()
#4 C:\xampp\htdocs\childcare\system\Common.php(1089): CodeIgniter\View\View->render('barang/barang', Array, true)
#5 C:\xampp\htdocs\childcare\app\Controllers\Home.php(48): view('barang/barang')
#6 C:\xampp\htdocs\childcare\system\CodeIgniter.php(832): App\Controllers\Home->barang()
#7 C:\xampp\htdocs\childcare\system\CodeIgniter.php(419): CodeIgniter\CodeIgniter->runController(Object(App\Controllers\Home))
#8 C:\xampp\htdocs\childcare\system\CodeIgniter.php(326): CodeIgniter\CodeIgniter->handleRequest(NULL, Object(Config\Cache), false)
#9 C:\xampp\htdocs\childcare\public\index.php(37): CodeIgniter\CodeIgniter->run()
#10 C:\xampp\htdocs\childcare\system\Commands\Server\rewrite.php(43): require_once('C:\\xampp\\htdocs...')
#11 {main}
CRITICAL - 2024-02-26 22:41:05 --> Call to a member function fetch_assoc() on bool
#0 C:\xampp\htdocs\childcare\system\View\View.php(210): include()
#1 C:\xampp\htdocs\childcare\system\View\View.php(213): CodeIgniter\View\View->CodeIgniter\View\{closure}()
#2 C:\xampp\htdocs\childcare\system\Common.php(1089): CodeIgniter\View\View->render('hal/laporan', Array, true)
#3 C:\xampp\htdocs\childcare\app\Controllers\Home.php(39): view('hal/laporan')
#4 C:\xampp\htdocs\childcare\system\CodeIgniter.php(832): App\Controllers\Home->laporan()
#5 C:\xampp\htdocs\childcare\system\CodeIgniter.php(419): CodeIgniter\CodeIgniter->runController(Object(App\Controllers\Home))
#6 C:\xampp\htdocs\childcare\system\CodeIgniter.php(326): CodeIgniter\CodeIgniter->handleRequest(NULL, Object(Config\Cache), false)
#7 C:\xampp\htdocs\childcare\public\index.php(37): CodeIgniter\CodeIgniter->run()
#8 C:\xampp\htdocs\childcare\system\Commands\Server\rewrite.php(43): require_once('C:\\xampp\\htdocs...')
#9 {main}
CRITICAL - 2024-02-26 22:41:13 --> mysqli_connect(): (HY000/1049): Unknown database 'tb_kasir'
#0 [internal function]: CodeIgniter\Debug\Exceptions->errorHandler(2, 'mysqli_connect(...', 'C:\\xampp\\htdocs...', 9, Array)
#1 C:\xampp\htdocs\childcare\app\Views\barang\barang.php(9): mysqli_connect('localhost', 'root', '', 'tb_kasir')
#2 C:\xampp\htdocs\childcare\system\View\View.php(210): include('C:\\xampp\\htdocs...')
#3 C:\xampp\htdocs\childcare\system\View\View.php(213): CodeIgniter\View\View->CodeIgniter\View\{closure}()
#4 C:\xampp\htdocs\childcare\system\Common.php(1089): CodeIgniter\View\View->render('barang/barang', Array, true)
#5 C:\xampp\htdocs\childcare\app\Controllers\Home.php(48): view('barang/barang')
#6 C:\xampp\htdocs\childcare\system\CodeIgniter.php(832): App\Controllers\Home->barang()
#7 C:\xampp\htdocs\childcare\system\CodeIgniter.php(419): CodeIgniter\CodeIgniter->runController(Object(App\Controllers\Home))
#8 C:\xampp\htdocs\childcare\system\CodeIgniter.php(326): CodeIgniter\CodeIgniter->handleRequest(NULL, Object(Config\Cache), false)
#9 C:\xampp\htdocs\childcare\public\index.php(37): CodeIgniter\CodeIgniter->run()
#10 C:\xampp\htdocs\childcare\system\Commands\Server\rewrite.php(43): require_once('C:\\xampp\\htdocs...')
#11 {main}
CRITICAL - 2024-02-26 22:41:15 --> mysqli_connect(): (HY000/1049): Unknown database 'tb_kasir'
#0 [internal function]: CodeIgniter\Debug\Exceptions->errorHandler(2, 'mysqli_connect(...', 'C:\\xampp\\htdocs...', 9, Array)
#1 C:\xampp\htdocs\childcare\app\Views\barang\barang.php(9): mysqli_connect('localhost', 'root', '', 'tb_kasir')
#2 C:\xampp\htdocs\childcare\system\View\View.php(210): include('C:\\xampp\\htdocs...')
#3 C:\xampp\htdocs\childcare\system\View\View.php(213): CodeIgniter\View\View->CodeIgniter\View\{closure}()
#4 C:\xampp\htdocs\childcare\system\Common.php(1089): CodeIgniter\View\View->render('barang/barang', Array, true)
#5 C:\xampp\htdocs\childcare\app\Controllers\Home.php(48): view('barang/barang')
#6 C:\xampp\htdocs\childcare\system\CodeIgniter.php(832): App\Controllers\Home->barang()
#7 C:\xampp\htdocs\childcare\system\CodeIgniter.php(419): CodeIgniter\CodeIgniter->runController(Object(App\Controllers\Home))
#8 C:\xampp\htdocs\childcare\system\CodeIgniter.php(326): CodeIgniter\CodeIgniter->handleRequest(NULL, Object(Config\Cache), false)
#9 C:\xampp\htdocs\childcare\public\index.php(37): CodeIgniter\CodeIgniter->run()
#10 C:\xampp\htdocs\childcare\system\Commands\Server\rewrite.php(43): require_once('C:\\xampp\\htdocs...')
#11 {main}
CRITICAL - 2024-02-26 22:43:35 --> mysqli_connect(): (HY000/1049): Unknown database 'tb_kasir'
#0 [internal function]: CodeIgniter\Debug\Exceptions->errorHandler(2, 'mysqli_connect(...', 'C:\\xampp\\htdocs...', 9, Array)
#1 C:\xampp\htdocs\childcare\app\Views\barang\barang.php(9): mysqli_connect('localhost', 'root', '', 'tb_kasir')
#2 C:\xampp\htdocs\childcare\system\View\View.php(210): include('C:\\xampp\\htdocs...')
#3 C:\xampp\htdocs\childcare\system\View\View.php(213): CodeIgniter\View\View->CodeIgniter\View\{closure}()
#4 C:\xampp\htdocs\childcare\system\Common.php(1089): CodeIgniter\View\View->render('barang/barang', Array, true)
#5 C:\xampp\htdocs\childcare\app\Controllers\Home.php(48): view('barang/barang')
#6 C:\xampp\htdocs\childcare\system\CodeIgniter.php(832): App\Controllers\Home->barang()
#7 C:\xampp\htdocs\childcare\system\CodeIgniter.php(419): CodeIgniter\CodeIgniter->runController(Object(App\Controllers\Home))
#8 C:\xampp\htdocs\childcare\system\CodeIgniter.php(326): CodeIgniter\CodeIgniter->handleRequest(NULL, Object(Config\Cache), false)
#9 C:\xampp\htdocs\childcare\public\index.php(37): CodeIgniter\CodeIgniter->run()
#10 C:\xampp\htdocs\childcare\system\Commands\Server\rewrite.php(43): require_once('C:\\xampp\\htdocs...')
#11 {main}
CRITICAL - 2024-02-26 22:44:55 --> Call to a member function fetch_assoc() on bool
#0 C:\xampp\htdocs\childcare\system\View\View.php(210): include()
#1 C:\xampp\htdocs\childcare\system\View\View.php(213): CodeIgniter\View\View->CodeIgniter\View\{closure}()
#2 C:\xampp\htdocs\childcare\system\Common.php(1089): CodeIgniter\View\View->render('hal/laporan', Array, true)
#3 C:\xampp\htdocs\childcare\app\Controllers\Home.php(39): view('hal/laporan')
#4 C:\xampp\htdocs\childcare\system\CodeIgniter.php(832): App\Controllers\Home->laporan()
#5 C:\xampp\htdocs\childcare\system\CodeIgniter.php(419): CodeIgniter\CodeIgniter->runController(Object(App\Controllers\Home))
#6 C:\xampp\htdocs\childcare\system\CodeIgniter.php(326): CodeIgniter\CodeIgniter->handleRequest(NULL, Object(Config\Cache), false)
#7 C:\xampp\htdocs\childcare\public\index.php(37): CodeIgniter\CodeIgniter->run()
#8 C:\xampp\htdocs\childcare\system\Commands\Server\rewrite.php(43): require_once('C:\\xampp\\htdocs...')
#9 {main}
CRITICAL - 2024-02-26 22:45:03 --> Call to a member function fetch_assoc() on bool
#0 C:\xampp\htdocs\childcare\system\View\View.php(210): include()
#1 C:\xampp\htdocs\childcare\system\View\View.php(213): CodeIgniter\View\View->CodeIgniter\View\{closure}()
#2 C:\xampp\htdocs\childcare\system\Common.php(1089): CodeIgniter\View\View->render('hal/laporan', Array, true)
#3 C:\xampp\htdocs\childcare\app\Controllers\Home.php(39): view('hal/laporan')
#4 C:\xampp\htdocs\childcare\system\CodeIgniter.php(832): App\Controllers\Home->laporan()
#5 C:\xampp\htdocs\childcare\system\CodeIgniter.php(419): CodeIgniter\CodeIgniter->runController(Object(App\Controllers\Home))
#6 C:\xampp\htdocs\childcare\system\CodeIgniter.php(326): CodeIgniter\CodeIgniter->handleRequest(NULL, Object(Config\Cache), false)
#7 C:\xampp\htdocs\childcare\public\index.php(37): CodeIgniter\CodeIgniter->run()
#8 C:\xampp\htdocs\childcare\system\Commands\Server\rewrite.php(43): require_once('C:\\xampp\\htdocs...')
#9 {main}
CRITICAL - 2024-02-26 22:45:04 --> Call to a member function fetch_assoc() on bool
#0 C:\xampp\htdocs\childcare\system\View\View.php(210): include()
#1 C:\xampp\htdocs\childcare\system\View\View.php(213): CodeIgniter\View\View->CodeIgniter\View\{closure}()
#2 C:\xampp\htdocs\childcare\system\Common.php(1089): CodeIgniter\View\View->render('hal/laporan', Array, true)
#3 C:\xampp\htdocs\childcare\app\Controllers\Home.php(39): view('hal/laporan')
#4 C:\xampp\htdocs\childcare\system\CodeIgniter.php(832): App\Controllers\Home->laporan()
#5 C:\xampp\htdocs\childcare\system\CodeIgniter.php(419): CodeIgniter\CodeIgniter->runController(Object(App\Controllers\Home))
#6 C:\xampp\htdocs\childcare\system\CodeIgniter.php(326): CodeIgniter\CodeIgniter->handleRequest(NULL, Object(Config\Cache), false)
#7 C:\xampp\htdocs\childcare\public\index.php(37): CodeIgniter\CodeIgniter->run()
#8 C:\xampp\htdocs\childcare\system\Commands\Server\rewrite.php(43): require_once('C:\\xampp\\htdocs...')
#9 {main}
CRITICAL - 2024-02-26 23:03:52 --> syntax error, unexpected 'else' (T_ELSE), expecting function (T_FUNCTION) or const (T_CONST)
#0 C:\xampp\htdocs\childcare\system\Router\Router.php(175): CodeIgniter\Router\Router->autoRoute('home/user')
#1 C:\xampp\htdocs\childcare\system\CodeIgniter.php(726): CodeIgniter\Router\Router->handle('home/user')
#2 C:\xampp\htdocs\childcare\system\CodeIgniter.php(368): CodeIgniter\CodeIgniter->tryToRouteIt(Object(CodeIgniter\Router\RouteCollection))
#3 C:\xampp\htdocs\childcare\system\CodeIgniter.php(326): CodeIgniter\CodeIgniter->handleRequest(NULL, Object(Config\Cache), false)
#4 C:\xampp\htdocs\childcare\public\index.php(37): CodeIgniter\CodeIgniter->run()
#5 C:\xampp\htdocs\childcare\system\Commands\Server\rewrite.php(43): require_once('C:\\xampp\\htdocs...')
#6 {main}
