CRITICAL - 2023-11-20 18:27:51 --> A non-numeric value encountered
#0 C:\xampp\htdocs\tes\app\Views\hal\index.php(134): CodeIgniter\Debug\Exceptions->errorHandler(2, 'A non-numeric v...', 'C:\\xampp\\htdocs...', 134, Array)
#1 C:\xampp\htdocs\tes\system\View\View.php(210): include('C:\\xampp\\htdocs...')
#2 C:\xampp\htdocs\tes\system\View\View.php(213): CodeIgniter\View\View->CodeIgniter\View\{closure}()
#3 C:\xampp\htdocs\tes\system\Common.php(1089): CodeIgniter\View\View->render('hal/index', Array, true)
#4 C:\xampp\htdocs\tes\app\Controllers\Home.php(31): view('hal/index')
#5 C:\xampp\htdocs\tes\system\CodeIgniter.php(832): App\Controllers\Home->hal()
#6 C:\xampp\htdocs\tes\system\CodeIgniter.php(419): CodeIgniter\CodeIgniter->runController(Object(App\Controllers\Home))
#7 C:\xampp\htdocs\tes\system\CodeIgniter.php(326): CodeIgniter\CodeIgniter->handleRequest(NULL, Object(Config\Cache), false)
#8 C:\xampp\htdocs\tes\public\index.php(37): CodeIgniter\CodeIgniter->run()
#9 C:\xampp\htdocs\tes\system\Commands\Server\rewrite.php(43): require_once('C:\\xampp\\htdocs...')
#10 {main}
CRITICAL - 2023-11-20 18:28:06 --> A non-numeric value encountered
#0 C:\xampp\htdocs\tes\app\Views\hal\index.php(134): CodeIgniter\Debug\Exceptions->errorHandler(2, 'A non-numeric v...', 'C:\\xampp\\htdocs...', 134, Array)
#1 C:\xampp\htdocs\tes\system\View\View.php(210): include('C:\\xampp\\htdocs...')
#2 C:\xampp\htdocs\tes\system\View\View.php(213): CodeIgniter\View\View->CodeIgniter\View\{closure}()
#3 C:\xampp\htdocs\tes\system\Common.php(1089): CodeIgniter\View\View->render('hal/index', Array, true)
#4 C:\xampp\htdocs\tes\app\Controllers\Home.php(31): view('hal/index')
#5 C:\xampp\htdocs\tes\system\CodeIgniter.php(832): App\Controllers\Home->hal()
#6 C:\xampp\htdocs\tes\system\CodeIgniter.php(419): CodeIgniter\CodeIgniter->runController(Object(App\Controllers\Home))
#7 C:\xampp\htdocs\tes\system\CodeIgniter.php(326): CodeIgniter\CodeIgniter->handleRequest(NULL, Object(Config\Cache), false)
#8 C:\xampp\htdocs\tes\public\index.php(37): CodeIgniter\CodeIgniter->run()
#9 C:\xampp\htdocs\tes\system\Commands\Server\rewrite.php(43): require_once('C:\\xampp\\htdocs...')
#10 {main}
CRITICAL - 2023-11-20 18:35:29 --> mysqli_connect(): (HY000/2002): No connection could be made because the target machine actively refused it.

#0 [internal function]: CodeIgniter\Debug\Exceptions->errorHandler(2, 'mysqli_connect(...', 'C:\\xampp\\htdocs...', 9, Array)
#1 C:\xampp\htdocs\tes\app\Views\hal\index.php(9): mysqli_connect('localhost', 'root', '', 'tb_kasir')
#2 C:\xampp\htdocs\tes\system\View\View.php(210): include('C:\\xampp\\htdocs...')
#3 C:\xampp\htdocs\tes\system\View\View.php(213): CodeIgniter\View\View->CodeIgniter\View\{closure}()
#4 C:\xampp\htdocs\tes\system\Common.php(1089): CodeIgniter\View\View->render('hal/index', Array, true)
#5 C:\xampp\htdocs\tes\app\Controllers\Home.php(31): view('hal/index')
#6 C:\xampp\htdocs\tes\system\CodeIgniter.php(832): App\Controllers\Home->hal()
#7 C:\xampp\htdocs\tes\system\CodeIgniter.php(419): CodeIgniter\CodeIgniter->runController(Object(App\Controllers\Home))
#8 C:\xampp\htdocs\tes\system\CodeIgniter.php(326): CodeIgniter\CodeIgniter->handleRequest(NULL, Object(Config\Cache), false)
#9 C:\xampp\htdocs\tes\public\index.php(37): CodeIgniter\CodeIgniter->run()
#10 C:\xampp\htdocs\tes\system\Commands\Server\rewrite.php(43): require_once('C:\\xampp\\htdocs...')
#11 {main}
CRITICAL - 2023-11-20 18:35:56 --> A non-numeric value encountered
#0 C:\xampp\htdocs\tes\app\Views\hal\index.php(134): CodeIgniter\Debug\Exceptions->errorHandler(2, 'A non-numeric v...', 'C:\\xampp\\htdocs...', 134, Array)
#1 C:\xampp\htdocs\tes\system\View\View.php(210): include('C:\\xampp\\htdocs...')
#2 C:\xampp\htdocs\tes\system\View\View.php(213): CodeIgniter\View\View->CodeIgniter\View\{closure}()
#3 C:\xampp\htdocs\tes\system\Common.php(1089): CodeIgniter\View\View->render('hal/index', Array, true)
#4 C:\xampp\htdocs\tes\app\Controllers\Home.php(31): view('hal/index')
#5 C:\xampp\htdocs\tes\system\CodeIgniter.php(832): App\Controllers\Home->hal()
#6 C:\xampp\htdocs\tes\system\CodeIgniter.php(419): CodeIgniter\CodeIgniter->runController(Object(App\Controllers\Home))
#7 C:\xampp\htdocs\tes\system\CodeIgniter.php(326): CodeIgniter\CodeIgniter->handleRequest(NULL, Object(Config\Cache), false)
#8 C:\xampp\htdocs\tes\public\index.php(37): CodeIgniter\CodeIgniter->run()
#9 C:\xampp\htdocs\tes\system\Commands\Server\rewrite.php(43): require_once('C:\\xampp\\htdocs...')
#10 {main}
CRITICAL - 2023-11-20 18:48:43 --> A non-numeric value encountered
#0 C:\xampp\htdocs\tes\app\Views\hal\index.php(134): CodeIgniter\Debug\Exceptions->errorHandler(2, 'A non-numeric v...', 'C:\\xampp\\htdocs...', 134, Array)
#1 C:\xampp\htdocs\tes\system\View\View.php(210): include('C:\\xampp\\htdocs...')
#2 C:\xampp\htdocs\tes\system\View\View.php(213): CodeIgniter\View\View->CodeIgniter\View\{closure}()
#3 C:\xampp\htdocs\tes\system\Common.php(1089): CodeIgniter\View\View->render('hal/index', Array, true)
#4 C:\xampp\htdocs\tes\app\Controllers\Home.php(31): view('hal/index')
#5 C:\xampp\htdocs\tes\system\CodeIgniter.php(832): App\Controllers\Home->hal()
#6 C:\xampp\htdocs\tes\system\CodeIgniter.php(419): CodeIgniter\CodeIgniter->runController(Object(App\Controllers\Home))
#7 C:\xampp\htdocs\tes\system\CodeIgniter.php(326): CodeIgniter\CodeIgniter->handleRequest(NULL, Object(Config\Cache), false)
#8 C:\xampp\htdocs\tes\public\index.php(37): CodeIgniter\CodeIgniter->run()
#9 C:\xampp\htdocs\tes\system\Commands\Server\rewrite.php(43): require_once('C:\\xampp\\htdocs...')
#10 {main}
CRITICAL - 2023-11-20 18:51:22 --> A non-numeric value encountered
#0 C:\xampp\htdocs\tes\app\Views\hal\index.php(134): CodeIgniter\Debug\Exceptions->errorHandler(2, 'A non-numeric v...', 'C:\\xampp\\htdocs...', 134, Array)
#1 C:\xampp\htdocs\tes\system\View\View.php(210): include('C:\\xampp\\htdocs...')
#2 C:\xampp\htdocs\tes\system\View\View.php(213): CodeIgniter\View\View->CodeIgniter\View\{closure}()
#3 C:\xampp\htdocs\tes\system\Common.php(1089): CodeIgniter\View\View->render('hal/index', Array, true)
#4 C:\xampp\htdocs\tes\app\Controllers\Home.php(31): view('hal/index')
#5 C:\xampp\htdocs\tes\system\CodeIgniter.php(832): App\Controllers\Home->hal()
#6 C:\xampp\htdocs\tes\system\CodeIgniter.php(419): CodeIgniter\CodeIgniter->runController(Object(App\Controllers\Home))
#7 C:\xampp\htdocs\tes\system\CodeIgniter.php(326): CodeIgniter\CodeIgniter->handleRequest(NULL, Object(Config\Cache), false)
#8 C:\xampp\htdocs\tes\public\index.php(37): CodeIgniter\CodeIgniter->run()
#9 C:\xampp\htdocs\tes\system\Commands\Server\rewrite.php(43): require_once('C:\\xampp\\htdocs...')
#10 {main}
CRITICAL - 2023-11-20 18:52:42 --> A non-numeric value encountered
#0 C:\xampp\htdocs\tes\app\Views\hal\index.php(134): CodeIgniter\Debug\Exceptions->errorHandler(2, 'A non-numeric v...', 'C:\\xampp\\htdocs...', 134, Array)
#1 C:\xampp\htdocs\tes\system\View\View.php(210): include('C:\\xampp\\htdocs...')
#2 C:\xampp\htdocs\tes\system\View\View.php(213): CodeIgniter\View\View->CodeIgniter\View\{closure}()
#3 C:\xampp\htdocs\tes\system\Common.php(1089): CodeIgniter\View\View->render('hal/index', Array, true)
#4 C:\xampp\htdocs\tes\app\Controllers\Home.php(31): view('hal/index')
#5 C:\xampp\htdocs\tes\system\CodeIgniter.php(832): App\Controllers\Home->hal()
#6 C:\xampp\htdocs\tes\system\CodeIgniter.php(419): CodeIgniter\CodeIgniter->runController(Object(App\Controllers\Home))
#7 C:\xampp\htdocs\tes\system\CodeIgniter.php(326): CodeIgniter\CodeIgniter->handleRequest(NULL, Object(Config\Cache), false)
#8 C:\xampp\htdocs\tes\public\index.php(37): CodeIgniter\CodeIgniter->run()
#9 C:\xampp\htdocs\tes\system\Commands\Server\rewrite.php(43): require_once('C:\\xampp\\htdocs...')
#10 {main}
CRITICAL - 2023-11-20 19:42:09 --> mysqli_connect(): (HY000/1049): Unknown database 'tokoacc'
#0 [internal function]: CodeIgniter\Debug\Exceptions->errorHandler(2, 'mysqli_connect(...', 'C:\\xampp\\htdocs...', 9, Array)
#1 C:\xampp\htdocs\tes\app\Views\hal\laporan.php(9): mysqli_connect('localhost', 'root', '', 'tokoacc')
#2 C:\xampp\htdocs\tes\system\View\View.php(210): include('C:\\xampp\\htdocs...')
#3 C:\xampp\htdocs\tes\system\View\View.php(213): CodeIgniter\View\View->CodeIgniter\View\{closure}()
#4 C:\xampp\htdocs\tes\system\Common.php(1089): CodeIgniter\View\View->render('hal/laporan', Array, true)
#5 C:\xampp\htdocs\tes\app\Controllers\Home.php(39): view('hal/laporan')
#6 C:\xampp\htdocs\tes\system\CodeIgniter.php(832): App\Controllers\Home->laporan()
#7 C:\xampp\htdocs\tes\system\CodeIgniter.php(419): CodeIgniter\CodeIgniter->runController(Object(App\Controllers\Home))
#8 C:\xampp\htdocs\tes\system\CodeIgniter.php(326): CodeIgniter\CodeIgniter->handleRequest(NULL, Object(Config\Cache), false)
#9 C:\xampp\htdocs\tes\public\index.php(37): CodeIgniter\CodeIgniter->run()
#10 C:\xampp\htdocs\tes\system\Commands\Server\rewrite.php(43): require_once('C:\\xampp\\htdocs...')
#11 {main}
CRITICAL - 2023-11-20 19:42:41 --> mysqli_connect(): (HY000/1049): Unknown database 'tokoacc'
#0 [internal function]: CodeIgniter\Debug\Exceptions->errorHandler(2, 'mysqli_connect(...', 'C:\\xampp\\htdocs...', 45, Array)
#1 C:\xampp\htdocs\tes\app\Views\hal\laporan.php(45): mysqli_connect('localhost', 'root', '', 'tokoacc')
#2 C:\xampp\htdocs\tes\system\View\View.php(210): include('C:\\xampp\\htdocs...')
#3 C:\xampp\htdocs\tes\system\View\View.php(213): CodeIgniter\View\View->CodeIgniter\View\{closure}()
#4 C:\xampp\htdocs\tes\system\Common.php(1089): CodeIgniter\View\View->render('hal/laporan', Array, true)
#5 C:\xampp\htdocs\tes\app\Controllers\Home.php(39): view('hal/laporan')
#6 C:\xampp\htdocs\tes\system\CodeIgniter.php(832): App\Controllers\Home->laporan()
#7 C:\xampp\htdocs\tes\system\CodeIgniter.php(419): CodeIgniter\CodeIgniter->runController(Object(App\Controllers\Home))
#8 C:\xampp\htdocs\tes\system\CodeIgniter.php(326): CodeIgniter\CodeIgniter->handleRequest(NULL, Object(Config\Cache), false)
#9 C:\xampp\htdocs\tes\public\index.php(37): CodeIgniter\CodeIgniter->run()
#10 C:\xampp\htdocs\tes\system\Commands\Server\rewrite.php(43): require_once('C:\\xampp\\htdocs...')
#11 {main}
CRITICAL - 2023-11-20 20:59:15 --> mysqli_connect(): (HY000/1049): Unknown database 'tokoacc'
#0 [internal function]: CodeIgniter\Debug\Exceptions->errorHandler(2, 'mysqli_connect(...', 'C:\\xampp\\htdocs...', 15, Array)
#1 C:\xampp\htdocs\tes\app\Views\setting\pengaturan.php(15): mysqli_connect('localhost', 'root', '', 'tokoacc')
#2 C:\xampp\htdocs\tes\system\View\View.php(210): include('C:\\xampp\\htdocs...')
#3 C:\xampp\htdocs\tes\system\View\View.php(213): CodeIgniter\View\View->CodeIgniter\View\{closure}()
#4 C:\xampp\htdocs\tes\system\Common.php(1089): CodeIgniter\View\View->render('setting/pengatu...', Array, true)
#5 C:\xampp\htdocs\tes\app\Controllers\Home.php(165): view('setting/pengatu...')
#6 C:\xampp\htdocs\tes\system\CodeIgniter.php(832): App\Controllers\Home->setting()
#7 C:\xampp\htdocs\tes\system\CodeIgniter.php(419): CodeIgniter\CodeIgniter->runController(Object(App\Controllers\Home))
#8 C:\xampp\htdocs\tes\system\CodeIgniter.php(326): CodeIgniter\CodeIgniter->handleRequest(NULL, Object(Config\Cache), false)
#9 C:\xampp\htdocs\tes\public\index.php(37): CodeIgniter\CodeIgniter->run()
#10 C:\xampp\htdocs\tes\system\Commands\Server\rewrite.php(43): require_once('C:\\xampp\\htdocs...')
#11 {main}
