ERROR - 2023-11-19 21:15:58 --> Error connecting to the database: No connection could be made because the target machine actively refused it.

CRITICAL - 2023-11-19 21:15:58 --> Unable to connect to the database.
Main connection [MySQLi]: No connection could be made because the target machine actively refused it.

#0 C:\xampp\htdocs\tes\system\Database\BaseConnection.php(577): CodeIgniter\Database\BaseConnection->initialize()
#1 C:\xampp\htdocs\tes\system\Database\BaseBuilder.php(1588): CodeIgniter\Database\BaseConnection->query('SELECT *\nFROM `...', Array, false)
#2 C:\xampp\htdocs\tes\app\Models\M_model.php(294): CodeIgniter\Database\BaseBuilder->getWhere(Array)
#3 C:\xampp\htdocs\tes\app\Controllers\Home.php(72): App\Models\M_model->getarray('user', Array)
#4 C:\xampp\htdocs\tes\system\CodeIgniter.php(832): App\Controllers\Home->aksi_login()
#5 C:\xampp\htdocs\tes\system\CodeIgniter.php(419): CodeIgniter\CodeIgniter->runController(Object(App\Controllers\Home))
#6 C:\xampp\htdocs\tes\system\CodeIgniter.php(326): CodeIgniter\CodeIgniter->handleRequest(NULL, Object(Config\Cache), false)
#7 C:\xampp\htdocs\tes\public\index.php(37): CodeIgniter\CodeIgniter->run()
#8 C:\xampp\htdocs\tes\system\Commands\Server\rewrite.php(43): require_once('C:\\xampp\\htdocs...')
#9 {main}
CRITICAL - 2023-11-19 21:25:10 --> mysqli_connect(): (HY000/1049): Unknown database 'tokoacc'
#0 [internal function]: CodeIgniter\Debug\Exceptions->errorHandler(2, 'mysqli_connect(...', 'C:\\xampp\\htdocs...', 9, Array)
#1 C:\xampp\htdocs\tes\app\Views\hal\index.php(9): mysqli_connect('localhost', 'root', '', 'tokoacc')
#2 C:\xampp\htdocs\tes\system\View\View.php(210): include('C:\\xampp\\htdocs...')
#3 C:\xampp\htdocs\tes\system\View\View.php(213): CodeIgniter\View\View->CodeIgniter\View\{closure}()
#4 C:\xampp\htdocs\tes\system\Common.php(1089): CodeIgniter\View\View->render('hal/index', Array, true)
#5 C:\xampp\htdocs\tes\app\Controllers\Home.php(31): view('hal/index')
#6 C:\xampp\htdocs\tes\system\CodeIgniter.php(832): App\Controllers\Home->hal()
#7 C:\xampp\htdocs\tes\system\CodeIgniter.php(419): CodeIgniter\CodeIgniter->runController(Object(App\Controllers\Home))
#8 C:\xampp\htdocs\tes\system\CodeIgniter.php(326): CodeIgniter\CodeIgniter->handleRequest(NULL, Object(Config\Cache), false)
#9 C:\xampp\htdocs\tes\public\index.php(37): CodeIgniter\CodeIgniter->run()
#10 C:\xampp\htdocs\tes\system\Commands\Server\rewrite.php(43): require_once('C:\\xampp\\htdocs...')
#11 {main}
CRITICAL - 2023-11-19 21:25:36 --> mysqli_connect(): (HY000/1049): Unknown database 'tokoacc'
#0 [internal function]: CodeIgniter\Debug\Exceptions->errorHandler(2, 'mysqli_connect(...', 'C:\\xampp\\htdocs...', 113, Array)
#1 C:\xampp\htdocs\tes\app\Views\hal\index.php(113): mysqli_connect('localhost', 'root', '', 'tokoacc')
#2 C:\xampp\htdocs\tes\system\View\View.php(210): include('C:\\xampp\\htdocs...')
#3 C:\xampp\htdocs\tes\system\View\View.php(213): CodeIgniter\View\View->CodeIgniter\View\{closure}()
#4 C:\xampp\htdocs\tes\system\Common.php(1089): CodeIgniter\View\View->render('hal/index', Array, true)
#5 C:\xampp\htdocs\tes\app\Controllers\Home.php(31): view('hal/index')
#6 C:\xampp\htdocs\tes\system\CodeIgniter.php(832): App\Controllers\Home->hal()
#7 C:\xampp\htdocs\tes\system\CodeIgniter.php(419): CodeIgniter\CodeIgniter->runController(Object(App\Controllers\Home))
#8 C:\xampp\htdocs\tes\system\CodeIgniter.php(326): CodeIgniter\CodeIgniter->handleRequest(NULL, Object(Config\Cache), false)
#9 C:\xampp\htdocs\tes\public\index.php(37): CodeIgniter\CodeIgniter->run()
#10 C:\xampp\htdocs\tes\system\Commands\Server\rewrite.php(43): require_once('C:\\xampp\\htdocs...')
#11 {main}
CRITICAL - 2023-11-19 21:29:04 --> A non-numeric value encountered
#0 C:\xampp\htdocs\tes\app\Views\hal\index.php(134): CodeIgniter\Debug\Exceptions->errorHandler(2, 'A non-numeric v...', 'C:\\xampp\\htdocs...', 134, Array)
#1 C:\xampp\htdocs\tes\system\View\View.php(210): include('C:\\xampp\\htdocs...')
#2 C:\xampp\htdocs\tes\system\View\View.php(213): CodeIgniter\View\View->CodeIgniter\View\{closure}()
#3 C:\xampp\htdocs\tes\system\Common.php(1089): CodeIgniter\View\View->render('hal/index', Array, true)
#4 C:\xampp\htdocs\tes\app\Controllers\Home.php(31): view('hal/index')
#5 C:\xampp\htdocs\tes\system\CodeIgniter.php(832): App\Controllers\Home->hal()
#6 C:\xampp\htdocs\tes\system\CodeIgniter.php(419): CodeIgniter\CodeIgniter->runController(Object(App\Controllers\Home))
#7 C:\xampp\htdocs\tes\system\CodeIgniter.php(326): CodeIgniter\CodeIgniter->handleRequest(NULL, Object(Config\Cache), false)
#8 C:\xampp\htdocs\tes\public\index.php(37): CodeIgniter\CodeIgniter->run()
#9 C:\xampp\htdocs\tes\system\Commands\Server\rewrite.php(43): require_once('C:\\xampp\\htdocs...')
#10 {main}
CRITICAL - 2023-11-19 21:29:04 --> A non-numeric value encountered
#0 C:\xampp\htdocs\tes\app\Views\hal\index.php(134): CodeIgniter\Debug\Exceptions->errorHandler(2, 'A non-numeric v...', 'C:\\xampp\\htdocs...', 134, Array)
#1 C:\xampp\htdocs\tes\system\View\View.php(210): include('C:\\xampp\\htdocs...')
#2 C:\xampp\htdocs\tes\system\View\View.php(213): CodeIgniter\View\View->CodeIgniter\View\{closure}()
#3 C:\xampp\htdocs\tes\system\Common.php(1089): CodeIgniter\View\View->render('hal/index', Array, true)
#4 C:\xampp\htdocs\tes\app\Controllers\Home.php(31): view('hal/index')
#5 C:\xampp\htdocs\tes\system\CodeIgniter.php(832): App\Controllers\Home->hal()
#6 C:\xampp\htdocs\tes\system\CodeIgniter.php(419): CodeIgniter\CodeIgniter->runController(Object(App\Controllers\Home))
#7 C:\xampp\htdocs\tes\system\CodeIgniter.php(326): CodeIgniter\CodeIgniter->handleRequest(NULL, Object(Config\Cache), false)
#8 C:\xampp\htdocs\tes\public\index.php(37): CodeIgniter\CodeIgniter->run()
#9 C:\xampp\htdocs\tes\system\Commands\Server\rewrite.php(43): require_once('C:\\xampp\\htdocs...')
#10 {main}
CRITICAL - 2023-11-19 21:29:04 --> A non-numeric value encountered
#0 C:\xampp\htdocs\tes\app\Views\hal\index.php(134): CodeIgniter\Debug\Exceptions->errorHandler(2, 'A non-numeric v...', 'C:\\xampp\\htdocs...', 134, Array)
#1 C:\xampp\htdocs\tes\system\View\View.php(210): include('C:\\xampp\\htdocs...')
#2 C:\xampp\htdocs\tes\system\View\View.php(213): CodeIgniter\View\View->CodeIgniter\View\{closure}()
#3 C:\xampp\htdocs\tes\system\Common.php(1089): CodeIgniter\View\View->render('hal/index', Array, true)
#4 C:\xampp\htdocs\tes\app\Controllers\Home.php(31): view('hal/index')
#5 C:\xampp\htdocs\tes\system\CodeIgniter.php(832): App\Controllers\Home->hal()
#6 C:\xampp\htdocs\tes\system\CodeIgniter.php(419): CodeIgniter\CodeIgniter->runController(Object(App\Controllers\Home))
#7 C:\xampp\htdocs\tes\system\CodeIgniter.php(326): CodeIgniter\CodeIgniter->handleRequest(NULL, Object(Config\Cache), false)
#8 C:\xampp\htdocs\tes\public\index.php(37): CodeIgniter\CodeIgniter->run()
#9 C:\xampp\htdocs\tes\system\Commands\Server\rewrite.php(43): require_once('C:\\xampp\\htdocs...')
#10 {main}
CRITICAL - 2023-11-19 21:29:05 --> A non-numeric value encountered
#0 C:\xampp\htdocs\tes\app\Views\hal\index.php(134): CodeIgniter\Debug\Exceptions->errorHandler(2, 'A non-numeric v...', 'C:\\xampp\\htdocs...', 134, Array)
#1 C:\xampp\htdocs\tes\system\View\View.php(210): include('C:\\xampp\\htdocs...')
#2 C:\xampp\htdocs\tes\system\View\View.php(213): CodeIgniter\View\View->CodeIgniter\View\{closure}()
#3 C:\xampp\htdocs\tes\system\Common.php(1089): CodeIgniter\View\View->render('hal/index', Array, true)
#4 C:\xampp\htdocs\tes\app\Controllers\Home.php(31): view('hal/index')
#5 C:\xampp\htdocs\tes\system\CodeIgniter.php(832): App\Controllers\Home->hal()
#6 C:\xampp\htdocs\tes\system\CodeIgniter.php(419): CodeIgniter\CodeIgniter->runController(Object(App\Controllers\Home))
#7 C:\xampp\htdocs\tes\system\CodeIgniter.php(326): CodeIgniter\CodeIgniter->handleRequest(NULL, Object(Config\Cache), false)
#8 C:\xampp\htdocs\tes\public\index.php(37): CodeIgniter\CodeIgniter->run()
#9 C:\xampp\htdocs\tes\system\Commands\Server\rewrite.php(43): require_once('C:\\xampp\\htdocs...')
#10 {main}
CRITICAL - 2023-11-19 21:30:05 --> A non-numeric value encountered
#0 C:\xampp\htdocs\tes\app\Views\hal\index.php(134): CodeIgniter\Debug\Exceptions->errorHandler(2, 'A non-numeric v...', 'C:\\xampp\\htdocs...', 134, Array)
#1 C:\xampp\htdocs\tes\system\View\View.php(210): include('C:\\xampp\\htdocs...')
#2 C:\xampp\htdocs\tes\system\View\View.php(213): CodeIgniter\View\View->CodeIgniter\View\{closure}()
#3 C:\xampp\htdocs\tes\system\Common.php(1089): CodeIgniter\View\View->render('hal/index', Array, true)
#4 C:\xampp\htdocs\tes\app\Controllers\Home.php(31): view('hal/index')
#5 C:\xampp\htdocs\tes\system\CodeIgniter.php(832): App\Controllers\Home->hal()
#6 C:\xampp\htdocs\tes\system\CodeIgniter.php(419): CodeIgniter\CodeIgniter->runController(Object(App\Controllers\Home))
#7 C:\xampp\htdocs\tes\system\CodeIgniter.php(326): CodeIgniter\CodeIgniter->handleRequest(NULL, Object(Config\Cache), false)
#8 C:\xampp\htdocs\tes\public\index.php(37): CodeIgniter\CodeIgniter->run()
#9 C:\xampp\htdocs\tes\system\Commands\Server\rewrite.php(43): require_once('C:\\xampp\\htdocs...')
#10 {main}
CRITICAL - 2023-11-19 21:30:09 --> A non-numeric value encountered
#0 C:\xampp\htdocs\tes\app\Views\hal\index.php(134): CodeIgniter\Debug\Exceptions->errorHandler(2, 'A non-numeric v...', 'C:\\xampp\\htdocs...', 134, Array)
#1 C:\xampp\htdocs\tes\system\View\View.php(210): include('C:\\xampp\\htdocs...')
#2 C:\xampp\htdocs\tes\system\View\View.php(213): CodeIgniter\View\View->CodeIgniter\View\{closure}()
#3 C:\xampp\htdocs\tes\system\Common.php(1089): CodeIgniter\View\View->render('hal/index', Array, true)
#4 C:\xampp\htdocs\tes\app\Controllers\Home.php(31): view('hal/index')
#5 C:\xampp\htdocs\tes\system\CodeIgniter.php(832): App\Controllers\Home->hal()
#6 C:\xampp\htdocs\tes\system\CodeIgniter.php(419): CodeIgniter\CodeIgniter->runController(Object(App\Controllers\Home))
#7 C:\xampp\htdocs\tes\system\CodeIgniter.php(326): CodeIgniter\CodeIgniter->handleRequest(NULL, Object(Config\Cache), false)
#8 C:\xampp\htdocs\tes\public\index.php(37): CodeIgniter\CodeIgniter->run()
#9 C:\xampp\htdocs\tes\system\Commands\Server\rewrite.php(43): require_once('C:\\xampp\\htdocs...')
#10 {main}
CRITICAL - 2023-11-19 21:35:06 --> A non-numeric value encountered
#0 C:\xampp\htdocs\tes\app\Views\hal\index.php(134): CodeIgniter\Debug\Exceptions->errorHandler(2, 'A non-numeric v...', 'C:\\xampp\\htdocs...', 134, Array)
#1 C:\xampp\htdocs\tes\system\View\View.php(210): include('C:\\xampp\\htdocs...')
#2 C:\xampp\htdocs\tes\system\View\View.php(213): CodeIgniter\View\View->CodeIgniter\View\{closure}()
#3 C:\xampp\htdocs\tes\system\Common.php(1089): CodeIgniter\View\View->render('hal/index', Array, true)
#4 C:\xampp\htdocs\tes\app\Controllers\Home.php(31): view('hal/index')
#5 C:\xampp\htdocs\tes\system\CodeIgniter.php(832): App\Controllers\Home->hal()
#6 C:\xampp\htdocs\tes\system\CodeIgniter.php(419): CodeIgniter\CodeIgniter->runController(Object(App\Controllers\Home))
#7 C:\xampp\htdocs\tes\system\CodeIgniter.php(326): CodeIgniter\CodeIgniter->handleRequest(NULL, Object(Config\Cache), false)
#8 C:\xampp\htdocs\tes\public\index.php(37): CodeIgniter\CodeIgniter->run()
#9 C:\xampp\htdocs\tes\system\Commands\Server\rewrite.php(43): require_once('C:\\xampp\\htdocs...')
#10 {main}
CRITICAL - 2023-11-19 21:35:10 --> A non-numeric value encountered
#0 C:\xampp\htdocs\tes\app\Views\hal\index.php(134): CodeIgniter\Debug\Exceptions->errorHandler(2, 'A non-numeric v...', 'C:\\xampp\\htdocs...', 134, Array)
#1 C:\xampp\htdocs\tes\system\View\View.php(210): include('C:\\xampp\\htdocs...')
#2 C:\xampp\htdocs\tes\system\View\View.php(213): CodeIgniter\View\View->CodeIgniter\View\{closure}()
#3 C:\xampp\htdocs\tes\system\Common.php(1089): CodeIgniter\View\View->render('hal/index', Array, true)
#4 C:\xampp\htdocs\tes\app\Controllers\Home.php(31): view('hal/index')
#5 C:\xampp\htdocs\tes\system\CodeIgniter.php(832): App\Controllers\Home->hal()
#6 C:\xampp\htdocs\tes\system\CodeIgniter.php(419): CodeIgniter\CodeIgniter->runController(Object(App\Controllers\Home))
#7 C:\xampp\htdocs\tes\system\CodeIgniter.php(326): CodeIgniter\CodeIgniter->handleRequest(NULL, Object(Config\Cache), false)
#8 C:\xampp\htdocs\tes\public\index.php(37): CodeIgniter\CodeIgniter->run()
#9 C:\xampp\htdocs\tes\system\Commands\Server\rewrite.php(43): require_once('C:\\xampp\\htdocs...')
#10 {main}
CRITICAL - 2023-11-19 21:39:17 --> A non-numeric value encountered
#0 C:\xampp\htdocs\tes\app\Views\hal\index.php(134): CodeIgniter\Debug\Exceptions->errorHandler(2, 'A non-numeric v...', 'C:\\xampp\\htdocs...', 134, Array)
#1 C:\xampp\htdocs\tes\system\View\View.php(210): include('C:\\xampp\\htdocs...')
#2 C:\xampp\htdocs\tes\system\View\View.php(213): CodeIgniter\View\View->CodeIgniter\View\{closure}()
#3 C:\xampp\htdocs\tes\system\Common.php(1089): CodeIgniter\View\View->render('hal/index', Array, true)
#4 C:\xampp\htdocs\tes\app\Controllers\Home.php(31): view('hal/index')
#5 C:\xampp\htdocs\tes\system\CodeIgniter.php(832): App\Controllers\Home->hal()
#6 C:\xampp\htdocs\tes\system\CodeIgniter.php(419): CodeIgniter\CodeIgniter->runController(Object(App\Controllers\Home))
#7 C:\xampp\htdocs\tes\system\CodeIgniter.php(326): CodeIgniter\CodeIgniter->handleRequest(NULL, Object(Config\Cache), false)
#8 C:\xampp\htdocs\tes\public\index.php(37): CodeIgniter\CodeIgniter->run()
#9 C:\xampp\htdocs\tes\system\Commands\Server\rewrite.php(43): require_once('C:\\xampp\\htdocs...')
#10 {main}
CRITICAL - 2023-11-19 21:40:38 --> A non-numeric value encountered
#0 C:\xampp\htdocs\tes\app\Views\hal\index.php(134): CodeIgniter\Debug\Exceptions->errorHandler(2, 'A non-numeric v...', 'C:\\xampp\\htdocs...', 134, Array)
#1 C:\xampp\htdocs\tes\system\View\View.php(210): include('C:\\xampp\\htdocs...')
#2 C:\xampp\htdocs\tes\system\View\View.php(213): CodeIgniter\View\View->CodeIgniter\View\{closure}()
#3 C:\xampp\htdocs\tes\system\Common.php(1089): CodeIgniter\View\View->render('hal/index', Array, true)
#4 C:\xampp\htdocs\tes\app\Controllers\Home.php(31): view('hal/index')
#5 C:\xampp\htdocs\tes\system\CodeIgniter.php(832): App\Controllers\Home->hal()
#6 C:\xampp\htdocs\tes\system\CodeIgniter.php(419): CodeIgniter\CodeIgniter->runController(Object(App\Controllers\Home))
#7 C:\xampp\htdocs\tes\system\CodeIgniter.php(326): CodeIgniter\CodeIgniter->handleRequest(NULL, Object(Config\Cache), false)
#8 C:\xampp\htdocs\tes\public\index.php(37): CodeIgniter\CodeIgniter->run()
#9 C:\xampp\htdocs\tes\system\Commands\Server\rewrite.php(43): require_once('C:\\xampp\\htdocs...')
#10 {main}
CRITICAL - 2023-11-19 21:40:47 --> A non-numeric value encountered
#0 C:\xampp\htdocs\tes\app\Views\hal\index.php(134): CodeIgniter\Debug\Exceptions->errorHandler(2, 'A non-numeric v...', 'C:\\xampp\\htdocs...', 134, Array)
#1 C:\xampp\htdocs\tes\system\View\View.php(210): include('C:\\xampp\\htdocs...')
#2 C:\xampp\htdocs\tes\system\View\View.php(213): CodeIgniter\View\View->CodeIgniter\View\{closure}()
#3 C:\xampp\htdocs\tes\system\Common.php(1089): CodeIgniter\View\View->render('hal/index', Array, true)
#4 C:\xampp\htdocs\tes\app\Controllers\Home.php(31): view('hal/index')
#5 C:\xampp\htdocs\tes\system\CodeIgniter.php(832): App\Controllers\Home->hal()
#6 C:\xampp\htdocs\tes\system\CodeIgniter.php(419): CodeIgniter\CodeIgniter->runController(Object(App\Controllers\Home))
#7 C:\xampp\htdocs\tes\system\CodeIgniter.php(326): CodeIgniter\CodeIgniter->handleRequest(NULL, Object(Config\Cache), false)
#8 C:\xampp\htdocs\tes\public\index.php(37): CodeIgniter\CodeIgniter->run()
#9 C:\xampp\htdocs\tes\system\Commands\Server\rewrite.php(43): require_once('C:\\xampp\\htdocs...')
#10 {main}
CRITICAL - 2023-11-19 21:43:04 --> A non-numeric value encountered
#0 C:\xampp\htdocs\tes\app\Views\hal\index.php(134): CodeIgniter\Debug\Exceptions->errorHandler(2, 'A non-numeric v...', 'C:\\xampp\\htdocs...', 134, Array)
#1 C:\xampp\htdocs\tes\system\View\View.php(210): include('C:\\xampp\\htdocs...')
#2 C:\xampp\htdocs\tes\system\View\View.php(213): CodeIgniter\View\View->CodeIgniter\View\{closure}()
#3 C:\xampp\htdocs\tes\system\Common.php(1089): CodeIgniter\View\View->render('hal/index', Array, true)
#4 C:\xampp\htdocs\tes\app\Controllers\Home.php(31): view('hal/index')
#5 C:\xampp\htdocs\tes\system\CodeIgniter.php(832): App\Controllers\Home->hal()
#6 C:\xampp\htdocs\tes\system\CodeIgniter.php(419): CodeIgniter\CodeIgniter->runController(Object(App\Controllers\Home))
#7 C:\xampp\htdocs\tes\system\CodeIgniter.php(326): CodeIgniter\CodeIgniter->handleRequest(NULL, Object(Config\Cache), false)
#8 C:\xampp\htdocs\tes\public\index.php(37): CodeIgniter\CodeIgniter->run()
#9 C:\xampp\htdocs\tes\system\Commands\Server\rewrite.php(43): require_once('C:\\xampp\\htdocs...')
#10 {main}
CRITICAL - 2023-11-19 21:44:05 --> A non-numeric value encountered
#0 C:\xampp\htdocs\tes\app\Views\hal\index.php(134): CodeIgniter\Debug\Exceptions->errorHandler(2, 'A non-numeric v...', 'C:\\xampp\\htdocs...', 134, Array)
#1 C:\xampp\htdocs\tes\system\View\View.php(210): include('C:\\xampp\\htdocs...')
#2 C:\xampp\htdocs\tes\system\View\View.php(213): CodeIgniter\View\View->CodeIgniter\View\{closure}()
#3 C:\xampp\htdocs\tes\system\Common.php(1089): CodeIgniter\View\View->render('hal/index', Array, true)
#4 C:\xampp\htdocs\tes\app\Controllers\Home.php(31): view('hal/index')
#5 C:\xampp\htdocs\tes\system\CodeIgniter.php(832): App\Controllers\Home->hal()
#6 C:\xampp\htdocs\tes\system\CodeIgniter.php(419): CodeIgniter\CodeIgniter->runController(Object(App\Controllers\Home))
#7 C:\xampp\htdocs\tes\system\CodeIgniter.php(326): CodeIgniter\CodeIgniter->handleRequest(NULL, Object(Config\Cache), false)
#8 C:\xampp\htdocs\tes\public\index.php(37): CodeIgniter\CodeIgniter->run()
#9 C:\xampp\htdocs\tes\system\Commands\Server\rewrite.php(43): require_once('C:\\xampp\\htdocs...')
#10 {main}
CRITICAL - 2023-11-19 21:44:43 --> A non-numeric value encountered
#0 C:\xampp\htdocs\tes\app\Views\hal\index.php(134): CodeIgniter\Debug\Exceptions->errorHandler(2, 'A non-numeric v...', 'C:\\xampp\\htdocs...', 134, Array)
#1 C:\xampp\htdocs\tes\system\View\View.php(210): include('C:\\xampp\\htdocs...')
#2 C:\xampp\htdocs\tes\system\View\View.php(213): CodeIgniter\View\View->CodeIgniter\View\{closure}()
#3 C:\xampp\htdocs\tes\system\Common.php(1089): CodeIgniter\View\View->render('hal/index', Array, true)
#4 C:\xampp\htdocs\tes\app\Controllers\Home.php(31): view('hal/index')
#5 C:\xampp\htdocs\tes\system\CodeIgniter.php(832): App\Controllers\Home->hal()
#6 C:\xampp\htdocs\tes\system\CodeIgniter.php(419): CodeIgniter\CodeIgniter->runController(Object(App\Controllers\Home))
#7 C:\xampp\htdocs\tes\system\CodeIgniter.php(326): CodeIgniter\CodeIgniter->handleRequest(NULL, Object(Config\Cache), false)
#8 C:\xampp\htdocs\tes\public\index.php(37): CodeIgniter\CodeIgniter->run()
#9 C:\xampp\htdocs\tes\system\Commands\Server\rewrite.php(43): require_once('C:\\xampp\\htdocs...')
#10 {main}
CRITICAL - 2023-11-19 21:44:45 --> A non-numeric value encountered
#0 C:\xampp\htdocs\tes\app\Views\hal\index.php(134): CodeIgniter\Debug\Exceptions->errorHandler(2, 'A non-numeric v...', 'C:\\xampp\\htdocs...', 134, Array)
#1 C:\xampp\htdocs\tes\system\View\View.php(210): include('C:\\xampp\\htdocs...')
#2 C:\xampp\htdocs\tes\system\View\View.php(213): CodeIgniter\View\View->CodeIgniter\View\{closure}()
#3 C:\xampp\htdocs\tes\system\Common.php(1089): CodeIgniter\View\View->render('hal/index', Array, true)
#4 C:\xampp\htdocs\tes\app\Controllers\Home.php(31): view('hal/index')
#5 C:\xampp\htdocs\tes\system\CodeIgniter.php(832): App\Controllers\Home->hal()
#6 C:\xampp\htdocs\tes\system\CodeIgniter.php(419): CodeIgniter\CodeIgniter->runController(Object(App\Controllers\Home))
#7 C:\xampp\htdocs\tes\system\CodeIgniter.php(326): CodeIgniter\CodeIgniter->handleRequest(NULL, Object(Config\Cache), false)
#8 C:\xampp\htdocs\tes\public\index.php(37): CodeIgniter\CodeIgniter->run()
#9 C:\xampp\htdocs\tes\system\Commands\Server\rewrite.php(43): require_once('C:\\xampp\\htdocs...')
#10 {main}
CRITICAL - 2023-11-19 21:44:45 --> A non-numeric value encountered
#0 C:\xampp\htdocs\tes\app\Views\hal\index.php(134): CodeIgniter\Debug\Exceptions->errorHandler(2, 'A non-numeric v...', 'C:\\xampp\\htdocs...', 134, Array)
#1 C:\xampp\htdocs\tes\system\View\View.php(210): include('C:\\xampp\\htdocs...')
#2 C:\xampp\htdocs\tes\system\View\View.php(213): CodeIgniter\View\View->CodeIgniter\View\{closure}()
#3 C:\xampp\htdocs\tes\system\Common.php(1089): CodeIgniter\View\View->render('hal/index', Array, true)
#4 C:\xampp\htdocs\tes\app\Controllers\Home.php(31): view('hal/index')
#5 C:\xampp\htdocs\tes\system\CodeIgniter.php(832): App\Controllers\Home->hal()
#6 C:\xampp\htdocs\tes\system\CodeIgniter.php(419): CodeIgniter\CodeIgniter->runController(Object(App\Controllers\Home))
#7 C:\xampp\htdocs\tes\system\CodeIgniter.php(326): CodeIgniter\CodeIgniter->handleRequest(NULL, Object(Config\Cache), false)
#8 C:\xampp\htdocs\tes\public\index.php(37): CodeIgniter\CodeIgniter->run()
#9 C:\xampp\htdocs\tes\system\Commands\Server\rewrite.php(43): require_once('C:\\xampp\\htdocs...')
#10 {main}
CRITICAL - 2023-11-19 21:44:45 --> A non-numeric value encountered
#0 C:\xampp\htdocs\tes\app\Views\hal\index.php(134): CodeIgniter\Debug\Exceptions->errorHandler(2, 'A non-numeric v...', 'C:\\xampp\\htdocs...', 134, Array)
#1 C:\xampp\htdocs\tes\system\View\View.php(210): include('C:\\xampp\\htdocs...')
#2 C:\xampp\htdocs\tes\system\View\View.php(213): CodeIgniter\View\View->CodeIgniter\View\{closure}()
#3 C:\xampp\htdocs\tes\system\Common.php(1089): CodeIgniter\View\View->render('hal/index', Array, true)
#4 C:\xampp\htdocs\tes\app\Controllers\Home.php(31): view('hal/index')
#5 C:\xampp\htdocs\tes\system\CodeIgniter.php(832): App\Controllers\Home->hal()
#6 C:\xampp\htdocs\tes\system\CodeIgniter.php(419): CodeIgniter\CodeIgniter->runController(Object(App\Controllers\Home))
#7 C:\xampp\htdocs\tes\system\CodeIgniter.php(326): CodeIgniter\CodeIgniter->handleRequest(NULL, Object(Config\Cache), false)
#8 C:\xampp\htdocs\tes\public\index.php(37): CodeIgniter\CodeIgniter->run()
#9 C:\xampp\htdocs\tes\system\Commands\Server\rewrite.php(43): require_once('C:\\xampp\\htdocs...')
#10 {main}
CRITICAL - 2023-11-19 21:44:46 --> A non-numeric value encountered
#0 C:\xampp\htdocs\tes\app\Views\hal\index.php(134): CodeIgniter\Debug\Exceptions->errorHandler(2, 'A non-numeric v...', 'C:\\xampp\\htdocs...', 134, Array)
#1 C:\xampp\htdocs\tes\system\View\View.php(210): include('C:\\xampp\\htdocs...')
#2 C:\xampp\htdocs\tes\system\View\View.php(213): CodeIgniter\View\View->CodeIgniter\View\{closure}()
#3 C:\xampp\htdocs\tes\system\Common.php(1089): CodeIgniter\View\View->render('hal/index', Array, true)
#4 C:\xampp\htdocs\tes\app\Controllers\Home.php(31): view('hal/index')
#5 C:\xampp\htdocs\tes\system\CodeIgniter.php(832): App\Controllers\Home->hal()
#6 C:\xampp\htdocs\tes\system\CodeIgniter.php(419): CodeIgniter\CodeIgniter->runController(Object(App\Controllers\Home))
#7 C:\xampp\htdocs\tes\system\CodeIgniter.php(326): CodeIgniter\CodeIgniter->handleRequest(NULL, Object(Config\Cache), false)
#8 C:\xampp\htdocs\tes\public\index.php(37): CodeIgniter\CodeIgniter->run()
#9 C:\xampp\htdocs\tes\system\Commands\Server\rewrite.php(43): require_once('C:\\xampp\\htdocs...')
#10 {main}
