CRITICAL - 2023-11-16 06:06:13 --> Class 'App\Models\M_model' not found
#0 C:\xampp\htdocs\tes\system\CodeIgniter.php(832): App\Controllers\Home->aksi_login()
#1 C:\xampp\htdocs\tes\system\CodeIgniter.php(419): CodeIgniter\CodeIgniter->runController(Object(App\Controllers\Home))
#2 C:\xampp\htdocs\tes\system\CodeIgniter.php(326): CodeIgniter\CodeIgniter->handleRequest(NULL, Object(Config\Cache), false)
#3 C:\xampp\htdocs\tes\public\index.php(37): CodeIgniter\CodeIgniter->run()
#4 C:\xampp\htdocs\tes\system\Commands\Server\rewrite.php(43): require_once('C:\\xampp\\htdocs...')
#5 {main}
CRITICAL - 2023-11-16 06:07:22 --> Invalid file: dashboard.php
#0 C:\xampp\htdocs\tes\system\View\View.php(198): CodeIgniter\Exceptions\FrameworkException::forInvalidFile('dashboard.php')
#1 C:\xampp\htdocs\tes\system\Common.php(1089): CodeIgniter\View\View->render('dashboard', Array, true)
#2 C:\xampp\htdocs\tes\app\Controllers\Home.php(19): view('dashboard')
#3 C:\xampp\htdocs\tes\system\CodeIgniter.php(832): App\Controllers\Home->index()
#4 C:\xampp\htdocs\tes\system\CodeIgniter.php(419): CodeIgniter\CodeIgniter->runController(Object(App\Controllers\Home))
#5 C:\xampp\htdocs\tes\system\CodeIgniter.php(326): CodeIgniter\CodeIgniter->handleRequest(NULL, Object(Config\Cache), false)
#6 C:\xampp\htdocs\tes\public\index.php(37): CodeIgniter\CodeIgniter->run()
#7 C:\xampp\htdocs\tes\system\Commands\Server\rewrite.php(43): require_once('C:\\xampp\\htdocs...')
#8 {main}
CRITICAL - 2023-11-16 06:07:25 --> Invalid file: barang/barang.php
#0 C:\xampp\htdocs\tes\system\View\View.php(198): CodeIgniter\Exceptions\FrameworkException::forInvalidFile('barang/barang.p...')
#1 C:\xampp\htdocs\tes\system\Common.php(1089): CodeIgniter\View\View->render('barang/barang', Array, true)
#2 C:\xampp\htdocs\tes\app\Controllers\Home.php(48): view('barang/barang')
#3 C:\xampp\htdocs\tes\system\CodeIgniter.php(832): App\Controllers\Home->barang()
#4 C:\xampp\htdocs\tes\system\CodeIgniter.php(419): CodeIgniter\CodeIgniter->runController(Object(App\Controllers\Home))
#5 C:\xampp\htdocs\tes\system\CodeIgniter.php(326): CodeIgniter\CodeIgniter->handleRequest(NULL, Object(Config\Cache), false)
#6 C:\xampp\htdocs\tes\public\index.php(37): CodeIgniter\CodeIgniter->run()
#7 C:\xampp\htdocs\tes\system\Commands\Server\rewrite.php(43): require_once('C:\\xampp\\htdocs...')
#8 {main}
CRITICAL - 2023-11-16 06:08:50 --> include(template/header.php): failed to open stream: No such file or directory
#0 C:\xampp\htdocs\tes\app\Views\barang\barang.php(1): CodeIgniter\Debug\Exceptions->errorHandler(2, 'include(templat...', 'C:\\xampp\\htdocs...', 1, Array)
#1 C:\xampp\htdocs\tes\app\Views\barang\barang.php(1): include()
#2 C:\xampp\htdocs\tes\system\View\View.php(210): include('C:\\xampp\\htdocs...')
#3 C:\xampp\htdocs\tes\system\View\View.php(213): CodeIgniter\View\View->CodeIgniter\View\{closure}()
#4 C:\xampp\htdocs\tes\system\Common.php(1089): CodeIgniter\View\View->render('barang/barang', Array, true)
#5 C:\xampp\htdocs\tes\app\Controllers\Home.php(48): view('barang/barang')
#6 C:\xampp\htdocs\tes\system\CodeIgniter.php(832): App\Controllers\Home->barang()
#7 C:\xampp\htdocs\tes\system\CodeIgniter.php(419): CodeIgniter\CodeIgniter->runController(Object(App\Controllers\Home))
#8 C:\xampp\htdocs\tes\system\CodeIgniter.php(326): CodeIgniter\CodeIgniter->handleRequest(NULL, Object(Config\Cache), false)
#9 C:\xampp\htdocs\tes\public\index.php(37): CodeIgniter\CodeIgniter->run()
#10 C:\xampp\htdocs\tes\system\Commands\Server\rewrite.php(43): require_once('C:\\xampp\\htdocs...')
#11 {main}
CRITICAL - 2023-11-16 06:09:10 --> mysqli_query() expects parameter 1 to be mysqli, null given
#0 [internal function]: CodeIgniter\Debug\Exceptions->errorHandler(2, 'mysqli_query() ...', 'C:\\xampp\\htdocs...', 14, Array)
#1 C:\xampp\htdocs\tes\app\Views\barang\barang.php(14): mysqli_query(NULL, 'SELECT max(id_b...')
#2 C:\xampp\htdocs\tes\system\View\View.php(210): include('C:\\xampp\\htdocs...')
#3 C:\xampp\htdocs\tes\system\View\View.php(213): CodeIgniter\View\View->CodeIgniter\View\{closure}()
#4 C:\xampp\htdocs\tes\system\Common.php(1089): CodeIgniter\View\View->render('barang/barang', Array, true)
#5 C:\xampp\htdocs\tes\app\Controllers\Home.php(48): view('barang/barang')
#6 C:\xampp\htdocs\tes\system\CodeIgniter.php(832): App\Controllers\Home->barang()
#7 C:\xampp\htdocs\tes\system\CodeIgniter.php(419): CodeIgniter\CodeIgniter->runController(Object(App\Controllers\Home))
#8 C:\xampp\htdocs\tes\system\CodeIgniter.php(326): CodeIgniter\CodeIgniter->handleRequest(NULL, Object(Config\Cache), false)
#9 C:\xampp\htdocs\tes\public\index.php(37): CodeIgniter\CodeIgniter->run()
#10 C:\xampp\htdocs\tes\system\Commands\Server\rewrite.php(43): require_once('C:\\xampp\\htdocs...')
#11 {main}
CRITICAL - 2023-11-16 06:09:27 --> mysqli_query() expects parameter 1 to be mysqli, null given
#0 [internal function]: CodeIgniter\Debug\Exceptions->errorHandler(2, 'mysqli_query() ...', 'C:\\xampp\\htdocs...', 14, Array)
#1 C:\xampp\htdocs\tes\app\Views\barang\barang.php(14): mysqli_query(NULL, 'SELECT max(id_b...')
#2 C:\xampp\htdocs\tes\system\View\View.php(210): include('C:\\xampp\\htdocs...')
#3 C:\xampp\htdocs\tes\system\View\View.php(213): CodeIgniter\View\View->CodeIgniter\View\{closure}()
#4 C:\xampp\htdocs\tes\system\Common.php(1089): CodeIgniter\View\View->render('barang/barang', Array, true)
#5 C:\xampp\htdocs\tes\app\Controllers\Home.php(48): view('barang/barang')
#6 C:\xampp\htdocs\tes\system\CodeIgniter.php(832): App\Controllers\Home->barang()
#7 C:\xampp\htdocs\tes\system\CodeIgniter.php(419): CodeIgniter\CodeIgniter->runController(Object(App\Controllers\Home))
#8 C:\xampp\htdocs\tes\system\CodeIgniter.php(326): CodeIgniter\CodeIgniter->handleRequest(NULL, Object(Config\Cache), false)
#9 C:\xampp\htdocs\tes\public\index.php(37): CodeIgniter\CodeIgniter->run()
#10 C:\xampp\htdocs\tes\system\Commands\Server\rewrite.php(43): require_once('C:\\xampp\\htdocs...')
#11 {main}
CRITICAL - 2023-11-16 06:09:30 --> Invalid file: hal/index.php
#0 C:\xampp\htdocs\tes\system\View\View.php(198): CodeIgniter\Exceptions\FrameworkException::forInvalidFile('hal/index.php')
#1 C:\xampp\htdocs\tes\system\Common.php(1089): CodeIgniter\View\View->render('hal/index', Array, true)
#2 C:\xampp\htdocs\tes\app\Controllers\Home.php(31): view('hal/index')
#3 C:\xampp\htdocs\tes\system\CodeIgniter.php(832): App\Controllers\Home->hal()
#4 C:\xampp\htdocs\tes\system\CodeIgniter.php(419): CodeIgniter\CodeIgniter->runController(Object(App\Controllers\Home))
#5 C:\xampp\htdocs\tes\system\CodeIgniter.php(326): CodeIgniter\CodeIgniter->handleRequest(NULL, Object(Config\Cache), false)
#6 C:\xampp\htdocs\tes\public\index.php(37): CodeIgniter\CodeIgniter->run()
#7 C:\xampp\htdocs\tes\system\Commands\Server\rewrite.php(43): require_once('C:\\xampp\\htdocs...')
#8 {main}
CRITICAL - 2023-11-16 06:09:31 --> Invalid file: hal/index.php
#0 C:\xampp\htdocs\tes\system\View\View.php(198): CodeIgniter\Exceptions\FrameworkException::forInvalidFile('hal/index.php')
#1 C:\xampp\htdocs\tes\system\Common.php(1089): CodeIgniter\View\View->render('hal/index', Array, true)
#2 C:\xampp\htdocs\tes\app\Controllers\Home.php(31): view('hal/index')
#3 C:\xampp\htdocs\tes\system\CodeIgniter.php(832): App\Controllers\Home->hal()
#4 C:\xampp\htdocs\tes\system\CodeIgniter.php(419): CodeIgniter\CodeIgniter->runController(Object(App\Controllers\Home))
#5 C:\xampp\htdocs\tes\system\CodeIgniter.php(326): CodeIgniter\CodeIgniter->handleRequest(NULL, Object(Config\Cache), false)
#6 C:\xampp\htdocs\tes\public\index.php(37): CodeIgniter\CodeIgniter->run()
#7 C:\xampp\htdocs\tes\system\Commands\Server\rewrite.php(43): require_once('C:\\xampp\\htdocs...')
#8 {main}
CRITICAL - 2023-11-16 06:13:56 --> Invalid file: hal/index.php
#0 C:\xampp\htdocs\tes\system\View\View.php(198): CodeIgniter\Exceptions\FrameworkException::forInvalidFile('hal/index.php')
#1 C:\xampp\htdocs\tes\system\Common.php(1089): CodeIgniter\View\View->render('hal/index', Array, true)
#2 C:\xampp\htdocs\tes\app\Controllers\Home.php(31): view('hal/index')
#3 C:\xampp\htdocs\tes\system\CodeIgniter.php(832): App\Controllers\Home->hal()
#4 C:\xampp\htdocs\tes\system\CodeIgniter.php(419): CodeIgniter\CodeIgniter->runController(Object(App\Controllers\Home))
#5 C:\xampp\htdocs\tes\system\CodeIgniter.php(326): CodeIgniter\CodeIgniter->handleRequest(NULL, Object(Config\Cache), false)
#6 C:\xampp\htdocs\tes\public\index.php(37): CodeIgniter\CodeIgniter->run()
#7 C:\xampp\htdocs\tes\system\Commands\Server\rewrite.php(43): require_once('C:\\xampp\\htdocs...')
#8 {main}
CRITICAL - 2023-11-16 06:13:59 --> mysqli_query() expects parameter 1 to be mysqli, null given
#0 [internal function]: CodeIgniter\Debug\Exceptions->errorHandler(2, 'mysqli_query() ...', 'C:\\xampp\\htdocs...', 14, Array)
#1 C:\xampp\htdocs\tes\app\Views\barang\barang.php(14): mysqli_query(NULL, 'SELECT max(id_b...')
#2 C:\xampp\htdocs\tes\system\View\View.php(210): include('C:\\xampp\\htdocs...')
#3 C:\xampp\htdocs\tes\system\View\View.php(213): CodeIgniter\View\View->CodeIgniter\View\{closure}()
#4 C:\xampp\htdocs\tes\system\Common.php(1089): CodeIgniter\View\View->render('barang/barang', Array, true)
#5 C:\xampp\htdocs\tes\app\Controllers\Home.php(48): view('barang/barang')
#6 C:\xampp\htdocs\tes\system\CodeIgniter.php(832): App\Controllers\Home->barang()
#7 C:\xampp\htdocs\tes\system\CodeIgniter.php(419): CodeIgniter\CodeIgniter->runController(Object(App\Controllers\Home))
#8 C:\xampp\htdocs\tes\system\CodeIgniter.php(326): CodeIgniter\CodeIgniter->handleRequest(NULL, Object(Config\Cache), false)
#9 C:\xampp\htdocs\tes\public\index.php(37): CodeIgniter\CodeIgniter->run()
#10 C:\xampp\htdocs\tes\system\Commands\Server\rewrite.php(43): require_once('C:\\xampp\\htdocs...')
#11 {main}
CRITICAL - 2023-11-16 06:14:00 --> Invalid file: hal/index.php
#0 C:\xampp\htdocs\tes\system\View\View.php(198): CodeIgniter\Exceptions\FrameworkException::forInvalidFile('hal/index.php')
#1 C:\xampp\htdocs\tes\system\Common.php(1089): CodeIgniter\View\View->render('hal/index', Array, true)
#2 C:\xampp\htdocs\tes\app\Controllers\Home.php(31): view('hal/index')
#3 C:\xampp\htdocs\tes\system\CodeIgniter.php(832): App\Controllers\Home->hal()
#4 C:\xampp\htdocs\tes\system\CodeIgniter.php(419): CodeIgniter\CodeIgniter->runController(Object(App\Controllers\Home))
#5 C:\xampp\htdocs\tes\system\CodeIgniter.php(326): CodeIgniter\CodeIgniter->handleRequest(NULL, Object(Config\Cache), false)
#6 C:\xampp\htdocs\tes\public\index.php(37): CodeIgniter\CodeIgniter->run()
#7 C:\xampp\htdocs\tes\system\Commands\Server\rewrite.php(43): require_once('C:\\xampp\\htdocs...')
#8 {main}
CRITICAL - 2023-11-16 06:15:35 --> Invalid file: hal/index.php
#0 C:\xampp\htdocs\tes\system\View\View.php(198): CodeIgniter\Exceptions\FrameworkException::forInvalidFile('hal/index.php')
#1 C:\xampp\htdocs\tes\system\Common.php(1089): CodeIgniter\View\View->render('hal/index', Array, true)
#2 C:\xampp\htdocs\tes\app\Controllers\Home.php(31): view('hal/index')
#3 C:\xampp\htdocs\tes\system\CodeIgniter.php(832): App\Controllers\Home->hal()
#4 C:\xampp\htdocs\tes\system\CodeIgniter.php(419): CodeIgniter\CodeIgniter->runController(Object(App\Controllers\Home))
#5 C:\xampp\htdocs\tes\system\CodeIgniter.php(326): CodeIgniter\CodeIgniter->handleRequest(NULL, Object(Config\Cache), false)
#6 C:\xampp\htdocs\tes\public\index.php(37): CodeIgniter\CodeIgniter->run()
#7 C:\xampp\htdocs\tes\system\Commands\Server\rewrite.php(43): require_once('C:\\xampp\\htdocs...')
#8 {main}
CRITICAL - 2023-11-16 06:15:36 --> Invalid file: dashboard.php
#0 C:\xampp\htdocs\tes\system\View\View.php(198): CodeIgniter\Exceptions\FrameworkException::forInvalidFile('dashboard.php')
#1 C:\xampp\htdocs\tes\system\Common.php(1089): CodeIgniter\View\View->render('dashboard', Array, true)
#2 C:\xampp\htdocs\tes\app\Controllers\Home.php(19): view('dashboard')
#3 C:\xampp\htdocs\tes\system\CodeIgniter.php(832): App\Controllers\Home->index()
#4 C:\xampp\htdocs\tes\system\CodeIgniter.php(419): CodeIgniter\CodeIgniter->runController(Object(App\Controllers\Home))
#5 C:\xampp\htdocs\tes\system\CodeIgniter.php(326): CodeIgniter\CodeIgniter->handleRequest(NULL, Object(Config\Cache), false)
#6 C:\xampp\htdocs\tes\public\index.php(37): CodeIgniter\CodeIgniter->run()
#7 C:\xampp\htdocs\tes\system\Commands\Server\rewrite.php(43): require_once('C:\\xampp\\htdocs...')
#8 {main}
CRITICAL - 2023-11-16 06:15:53 --> Invalid file: dashboard.php
#0 C:\xampp\htdocs\tes\system\View\View.php(198): CodeIgniter\Exceptions\FrameworkException::forInvalidFile('dashboard.php')
#1 C:\xampp\htdocs\tes\system\Common.php(1089): CodeIgniter\View\View->render('dashboard', Array, true)
#2 C:\xampp\htdocs\tes\app\Controllers\Home.php(19): view('dashboard')
#3 C:\xampp\htdocs\tes\system\CodeIgniter.php(832): App\Controllers\Home->index()
#4 C:\xampp\htdocs\tes\system\CodeIgniter.php(419): CodeIgniter\CodeIgniter->runController(Object(App\Controllers\Home))
#5 C:\xampp\htdocs\tes\system\CodeIgniter.php(326): CodeIgniter\CodeIgniter->handleRequest(NULL, Object(Config\Cache), false)
#6 C:\xampp\htdocs\tes\public\index.php(37): CodeIgniter\CodeIgniter->run()
#7 C:\xampp\htdocs\tes\system\Commands\Server\rewrite.php(43): require_once('C:\\xampp\\htdocs...')
#8 {main}
CRITICAL - 2023-11-16 06:15:57 --> Invalid file: dashboard.php
#0 C:\xampp\htdocs\tes\system\View\View.php(198): CodeIgniter\Exceptions\FrameworkException::forInvalidFile('dashboard.php')
#1 C:\xampp\htdocs\tes\system\Common.php(1089): CodeIgniter\View\View->render('dashboard', Array, true)
#2 C:\xampp\htdocs\tes\app\Controllers\Home.php(19): view('dashboard')
#3 C:\xampp\htdocs\tes\system\CodeIgniter.php(832): App\Controllers\Home->index()
#4 C:\xampp\htdocs\tes\system\CodeIgniter.php(419): CodeIgniter\CodeIgniter->runController(Object(App\Controllers\Home))
#5 C:\xampp\htdocs\tes\system\CodeIgniter.php(326): CodeIgniter\CodeIgniter->handleRequest(NULL, Object(Config\Cache), false)
#6 C:\xampp\htdocs\tes\public\index.php(37): CodeIgniter\CodeIgniter->run()
#7 C:\xampp\htdocs\tes\system\Commands\Server\rewrite.php(43): require_once('C:\\xampp\\htdocs...')
#8 {main}
CRITICAL - 2023-11-16 06:16:00 --> Invalid file: dashboard.php
#0 C:\xampp\htdocs\tes\system\View\View.php(198): CodeIgniter\Exceptions\FrameworkException::forInvalidFile('dashboard.php')
#1 C:\xampp\htdocs\tes\system\Common.php(1089): CodeIgniter\View\View->render('dashboard', Array, true)
#2 C:\xampp\htdocs\tes\app\Controllers\Home.php(19): view('dashboard')
#3 C:\xampp\htdocs\tes\system\CodeIgniter.php(832): App\Controllers\Home->index()
#4 C:\xampp\htdocs\tes\system\CodeIgniter.php(419): CodeIgniter\CodeIgniter->runController(Object(App\Controllers\Home))
#5 C:\xampp\htdocs\tes\system\CodeIgniter.php(326): CodeIgniter\CodeIgniter->handleRequest(NULL, Object(Config\Cache), false)
#6 C:\xampp\htdocs\tes\public\index.php(37): CodeIgniter\CodeIgniter->run()
#7 C:\xampp\htdocs\tes\system\Commands\Server\rewrite.php(43): require_once('C:\\xampp\\htdocs...')
#8 {main}
CRITICAL - 2023-11-16 06:17:02 --> Invalid file: dashboard.php
#0 C:\xampp\htdocs\tes\system\View\View.php(198): CodeIgniter\Exceptions\FrameworkException::forInvalidFile('dashboard.php')
#1 C:\xampp\htdocs\tes\system\Common.php(1089): CodeIgniter\View\View->render('dashboard', Array, true)
#2 C:\xampp\htdocs\tes\app\Controllers\Home.php(19): view('dashboard')
#3 C:\xampp\htdocs\tes\system\CodeIgniter.php(832): App\Controllers\Home->index()
#4 C:\xampp\htdocs\tes\system\CodeIgniter.php(419): CodeIgniter\CodeIgniter->runController(Object(App\Controllers\Home))
#5 C:\xampp\htdocs\tes\system\CodeIgniter.php(326): CodeIgniter\CodeIgniter->handleRequest(NULL, Object(Config\Cache), false)
#6 C:\xampp\htdocs\tes\public\index.php(37): CodeIgniter\CodeIgniter->run()
#7 C:\xampp\htdocs\tes\system\Commands\Server\rewrite.php(43): require_once('C:\\xampp\\htdocs...')
#8 {main}
CRITICAL - 2023-11-16 06:17:04 --> Invalid file: dashboard.php
#0 C:\xampp\htdocs\tes\system\View\View.php(198): CodeIgniter\Exceptions\FrameworkException::forInvalidFile('dashboard.php')
#1 C:\xampp\htdocs\tes\system\Common.php(1089): CodeIgniter\View\View->render('dashboard', Array, true)
#2 C:\xampp\htdocs\tes\app\Controllers\Home.php(19): view('dashboard')
#3 C:\xampp\htdocs\tes\system\CodeIgniter.php(832): App\Controllers\Home->index()
#4 C:\xampp\htdocs\tes\system\CodeIgniter.php(419): CodeIgniter\CodeIgniter->runController(Object(App\Controllers\Home))
#5 C:\xampp\htdocs\tes\system\CodeIgniter.php(326): CodeIgniter\CodeIgniter->handleRequest(NULL, Object(Config\Cache), false)
#6 C:\xampp\htdocs\tes\public\index.php(37): CodeIgniter\CodeIgniter->run()
#7 C:\xampp\htdocs\tes\system\Commands\Server\rewrite.php(43): require_once('C:\\xampp\\htdocs...')
#8 {main}
CRITICAL - 2023-11-16 06:19:32 --> Invalid file: dashboard.php
#0 C:\xampp\htdocs\tes\system\View\View.php(198): CodeIgniter\Exceptions\FrameworkException::forInvalidFile('dashboard.php')
#1 C:\xampp\htdocs\tes\system\Common.php(1089): CodeIgniter\View\View->render('dashboard', Array, true)
#2 C:\xampp\htdocs\tes\app\Controllers\Home.php(19): view('dashboard')
#3 C:\xampp\htdocs\tes\system\CodeIgniter.php(832): App\Controllers\Home->index()
#4 C:\xampp\htdocs\tes\system\CodeIgniter.php(419): CodeIgniter\CodeIgniter->runController(Object(App\Controllers\Home))
#5 C:\xampp\htdocs\tes\system\CodeIgniter.php(326): CodeIgniter\CodeIgniter->handleRequest(NULL, Object(Config\Cache), false)
#6 C:\xampp\htdocs\tes\public\index.php(37): CodeIgniter\CodeIgniter->run()
#7 C:\xampp\htdocs\tes\system\Commands\Server\rewrite.php(43): require_once('C:\\xampp\\htdocs...')
#8 {main}
CRITICAL - 2023-11-16 06:19:33 --> Invalid file: dashboard.php
#0 C:\xampp\htdocs\tes\system\View\View.php(198): CodeIgniter\Exceptions\FrameworkException::forInvalidFile('dashboard.php')
#1 C:\xampp\htdocs\tes\system\Common.php(1089): CodeIgniter\View\View->render('dashboard', Array, true)
#2 C:\xampp\htdocs\tes\app\Controllers\Home.php(19): view('dashboard')
#3 C:\xampp\htdocs\tes\system\CodeIgniter.php(832): App\Controllers\Home->index()
#4 C:\xampp\htdocs\tes\system\CodeIgniter.php(419): CodeIgniter\CodeIgniter->runController(Object(App\Controllers\Home))
#5 C:\xampp\htdocs\tes\system\CodeIgniter.php(326): CodeIgniter\CodeIgniter->handleRequest(NULL, Object(Config\Cache), false)
#6 C:\xampp\htdocs\tes\public\index.php(37): CodeIgniter\CodeIgniter->run()
#7 C:\xampp\htdocs\tes\system\Commands\Server\rewrite.php(43): require_once('C:\\xampp\\htdocs...')
#8 {main}
CRITICAL - 2023-11-16 06:19:37 --> Invalid file: dashboard.php
#0 C:\xampp\htdocs\tes\system\View\View.php(198): CodeIgniter\Exceptions\FrameworkException::forInvalidFile('dashboard.php')
#1 C:\xampp\htdocs\tes\system\Common.php(1089): CodeIgniter\View\View->render('dashboard', Array, true)
#2 C:\xampp\htdocs\tes\app\Controllers\Home.php(19): view('dashboard')
#3 C:\xampp\htdocs\tes\system\CodeIgniter.php(832): App\Controllers\Home->index()
#4 C:\xampp\htdocs\tes\system\CodeIgniter.php(419): CodeIgniter\CodeIgniter->runController(Object(App\Controllers\Home))
#5 C:\xampp\htdocs\tes\system\CodeIgniter.php(326): CodeIgniter\CodeIgniter->handleRequest(NULL, Object(Config\Cache), false)
#6 C:\xampp\htdocs\tes\public\index.php(37): CodeIgniter\CodeIgniter->run()
#7 C:\xampp\htdocs\tes\system\Commands\Server\rewrite.php(43): require_once('C:\\xampp\\htdocs...')
#8 {main}
CRITICAL - 2023-11-16 06:19:43 --> Invalid file: dashboard.php
#0 C:\xampp\htdocs\tes\system\View\View.php(198): CodeIgniter\Exceptions\FrameworkException::forInvalidFile('dashboard.php')
#1 C:\xampp\htdocs\tes\system\Common.php(1089): CodeIgniter\View\View->render('dashboard', Array, true)
#2 C:\xampp\htdocs\tes\app\Controllers\Home.php(19): view('dashboard')
#3 C:\xampp\htdocs\tes\system\CodeIgniter.php(832): App\Controllers\Home->index()
#4 C:\xampp\htdocs\tes\system\CodeIgniter.php(419): CodeIgniter\CodeIgniter->runController(Object(App\Controllers\Home))
#5 C:\xampp\htdocs\tes\system\CodeIgniter.php(326): CodeIgniter\CodeIgniter->handleRequest(NULL, Object(Config\Cache), false)
#6 C:\xampp\htdocs\tes\public\index.php(37): CodeIgniter\CodeIgniter->run()
#7 C:\xampp\htdocs\tes\system\Commands\Server\rewrite.php(43): require_once('C:\\xampp\\htdocs...')
#8 {main}
CRITICAL - 2023-11-16 06:19:44 --> Invalid file: dashboard.php
#0 C:\xampp\htdocs\tes\system\View\View.php(198): CodeIgniter\Exceptions\FrameworkException::forInvalidFile('dashboard.php')
#1 C:\xampp\htdocs\tes\system\Common.php(1089): CodeIgniter\View\View->render('dashboard', Array, true)
#2 C:\xampp\htdocs\tes\app\Controllers\Home.php(19): view('dashboard')
#3 C:\xampp\htdocs\tes\system\CodeIgniter.php(832): App\Controllers\Home->index()
#4 C:\xampp\htdocs\tes\system\CodeIgniter.php(419): CodeIgniter\CodeIgniter->runController(Object(App\Controllers\Home))
#5 C:\xampp\htdocs\tes\system\CodeIgniter.php(326): CodeIgniter\CodeIgniter->handleRequest(NULL, Object(Config\Cache), false)
#6 C:\xampp\htdocs\tes\public\index.php(37): CodeIgniter\CodeIgniter->run()
#7 C:\xampp\htdocs\tes\system\Commands\Server\rewrite.php(43): require_once('C:\\xampp\\htdocs...')
#8 {main}
CRITICAL - 2023-11-16 06:19:45 --> Invalid file: dashboard.php
#0 C:\xampp\htdocs\tes\system\View\View.php(198): CodeIgniter\Exceptions\FrameworkException::forInvalidFile('dashboard.php')
#1 C:\xampp\htdocs\tes\system\Common.php(1089): CodeIgniter\View\View->render('dashboard', Array, true)
#2 C:\xampp\htdocs\tes\app\Controllers\Home.php(19): view('dashboard')
#3 C:\xampp\htdocs\tes\system\CodeIgniter.php(832): App\Controllers\Home->index()
#4 C:\xampp\htdocs\tes\system\CodeIgniter.php(419): CodeIgniter\CodeIgniter->runController(Object(App\Controllers\Home))
#5 C:\xampp\htdocs\tes\system\CodeIgniter.php(326): CodeIgniter\CodeIgniter->handleRequest(NULL, Object(Config\Cache), false)
#6 C:\xampp\htdocs\tes\public\index.php(37): CodeIgniter\CodeIgniter->run()
#7 C:\xampp\htdocs\tes\system\Commands\Server\rewrite.php(43): require_once('C:\\xampp\\htdocs...')
#8 {main}
CRITICAL - 2023-11-16 06:21:27 --> mysqli_query() expects parameter 1 to be mysqli, null given
#0 [internal function]: CodeIgniter\Debug\Exceptions->errorHandler(2, 'mysqli_query() ...', 'C:\\xampp\\htdocs...', 14, Array)
#1 C:\xampp\htdocs\tes\app\Views\barang\barang.php(14): mysqli_query(NULL, 'SELECT max(id_b...')
#2 C:\xampp\htdocs\tes\system\View\View.php(210): include('C:\\xampp\\htdocs...')
#3 C:\xampp\htdocs\tes\system\View\View.php(213): CodeIgniter\View\View->CodeIgniter\View\{closure}()
#4 C:\xampp\htdocs\tes\system\Common.php(1089): CodeIgniter\View\View->render('barang/barang', Array, true)
#5 C:\xampp\htdocs\tes\app\Controllers\Home.php(48): view('barang/barang')
#6 C:\xampp\htdocs\tes\system\CodeIgniter.php(832): App\Controllers\Home->barang()
#7 C:\xampp\htdocs\tes\system\CodeIgniter.php(419): CodeIgniter\CodeIgniter->runController(Object(App\Controllers\Home))
#8 C:\xampp\htdocs\tes\system\CodeIgniter.php(326): CodeIgniter\CodeIgniter->handleRequest(NULL, Object(Config\Cache), false)
#9 C:\xampp\htdocs\tes\public\index.php(37): CodeIgniter\CodeIgniter->run()
#10 C:\xampp\htdocs\tes\system\Commands\Server\rewrite.php(43): require_once('C:\\xampp\\htdocs...')
#11 {main}
CRITICAL - 2023-11-16 06:21:32 --> Invalid file: hal/index.php
#0 C:\xampp\htdocs\tes\system\View\View.php(198): CodeIgniter\Exceptions\FrameworkException::forInvalidFile('hal/index.php')
#1 C:\xampp\htdocs\tes\system\Common.php(1089): CodeIgniter\View\View->render('hal/index', Array, true)
#2 C:\xampp\htdocs\tes\app\Controllers\Home.php(31): view('hal/index')
#3 C:\xampp\htdocs\tes\system\CodeIgniter.php(832): App\Controllers\Home->hal()
#4 C:\xampp\htdocs\tes\system\CodeIgniter.php(419): CodeIgniter\CodeIgniter->runController(Object(App\Controllers\Home))
#5 C:\xampp\htdocs\tes\system\CodeIgniter.php(326): CodeIgniter\CodeIgniter->handleRequest(NULL, Object(Config\Cache), false)
#6 C:\xampp\htdocs\tes\public\index.php(37): CodeIgniter\CodeIgniter->run()
#7 C:\xampp\htdocs\tes\system\Commands\Server\rewrite.php(43): require_once('C:\\xampp\\htdocs...')
#8 {main}
CRITICAL - 2023-11-16 06:22:40 --> syntax error, unexpected end of file, expecting function (T_FUNCTION) or const (T_CONST)
#0 C:\xampp\htdocs\tes\system\Router\Router.php(175): CodeIgniter\Router\Router->autoRoute('Home')
#1 C:\xampp\htdocs\tes\system\CodeIgniter.php(726): CodeIgniter\Router\Router->handle('Home')
#2 C:\xampp\htdocs\tes\system\CodeIgniter.php(368): CodeIgniter\CodeIgniter->tryToRouteIt(Object(CodeIgniter\Router\RouteCollection))
#3 C:\xampp\htdocs\tes\system\CodeIgniter.php(326): CodeIgniter\CodeIgniter->handleRequest(NULL, Object(Config\Cache), false)
#4 C:\xampp\htdocs\tes\public\index.php(37): CodeIgniter\CodeIgniter->run()
#5 C:\xampp\htdocs\tes\system\Commands\Server\rewrite.php(43): require_once('C:\\xampp\\htdocs...')
#6 {main}
CRITICAL - 2023-11-16 06:23:28 --> mysqli_query() expects parameter 1 to be mysqli, null given
#0 [internal function]: CodeIgniter\Debug\Exceptions->errorHandler(2, 'mysqli_query() ...', 'C:\\xampp\\htdocs...', 14, Array)
#1 C:\xampp\htdocs\tes\app\Views\barang\barang.php(14): mysqli_query(NULL, 'SELECT max(id_b...')
#2 C:\xampp\htdocs\tes\system\View\View.php(210): include('C:\\xampp\\htdocs...')
#3 C:\xampp\htdocs\tes\system\View\View.php(213): CodeIgniter\View\View->CodeIgniter\View\{closure}()
#4 C:\xampp\htdocs\tes\system\Common.php(1089): CodeIgniter\View\View->render('barang/barang', Array, true)
#5 C:\xampp\htdocs\tes\app\Controllers\Home.php(48): view('barang/barang')
#6 C:\xampp\htdocs\tes\system\CodeIgniter.php(832): App\Controllers\Home->barang()
#7 C:\xampp\htdocs\tes\system\CodeIgniter.php(419): CodeIgniter\CodeIgniter->runController(Object(App\Controllers\Home))
#8 C:\xampp\htdocs\tes\system\CodeIgniter.php(326): CodeIgniter\CodeIgniter->handleRequest(NULL, Object(Config\Cache), false)
#9 C:\xampp\htdocs\tes\public\index.php(37): CodeIgniter\CodeIgniter->run()
#10 C:\xampp\htdocs\tes\system\Commands\Server\rewrite.php(43): require_once('C:\\xampp\\htdocs...')
#11 {main}
CRITICAL - 2023-11-16 06:23:48 --> mysqli_query() expects parameter 1 to be mysqli, null given
#0 [internal function]: CodeIgniter\Debug\Exceptions->errorHandler(2, 'mysqli_query() ...', 'C:\\xampp\\htdocs...', 14, Array)
#1 C:\xampp\htdocs\tes\app\Views\barang\barang.php(14): mysqli_query(NULL, 'SELECT max(id_b...')
#2 C:\xampp\htdocs\tes\system\View\View.php(210): include('C:\\xampp\\htdocs...')
#3 C:\xampp\htdocs\tes\system\View\View.php(213): CodeIgniter\View\View->CodeIgniter\View\{closure}()
#4 C:\xampp\htdocs\tes\system\Common.php(1089): CodeIgniter\View\View->render('barang/barang', Array, true)
#5 C:\xampp\htdocs\tes\app\Controllers\Home.php(48): view('barang/barang')
#6 C:\xampp\htdocs\tes\system\CodeIgniter.php(832): App\Controllers\Home->barang()
#7 C:\xampp\htdocs\tes\system\CodeIgniter.php(419): CodeIgniter\CodeIgniter->runController(Object(App\Controllers\Home))
#8 C:\xampp\htdocs\tes\system\CodeIgniter.php(326): CodeIgniter\CodeIgniter->handleRequest(NULL, Object(Config\Cache), false)
#9 C:\xampp\htdocs\tes\public\index.php(37): CodeIgniter\CodeIgniter->run()
#10 C:\xampp\htdocs\tes\system\Commands\Server\rewrite.php(43): require_once('C:\\xampp\\htdocs...')
#11 {main}
CRITICAL - 2023-11-16 06:23:49 --> mysqli_query() expects parameter 1 to be mysqli, null given
#0 [internal function]: CodeIgniter\Debug\Exceptions->errorHandler(2, 'mysqli_query() ...', 'C:\\xampp\\htdocs...', 14, Array)
#1 C:\xampp\htdocs\tes\app\Views\barang\barang.php(14): mysqli_query(NULL, 'SELECT max(id_b...')
#2 C:\xampp\htdocs\tes\system\View\View.php(210): include('C:\\xampp\\htdocs...')
#3 C:\xampp\htdocs\tes\system\View\View.php(213): CodeIgniter\View\View->CodeIgniter\View\{closure}()
#4 C:\xampp\htdocs\tes\system\Common.php(1089): CodeIgniter\View\View->render('barang/barang', Array, true)
#5 C:\xampp\htdocs\tes\app\Controllers\Home.php(48): view('barang/barang')
#6 C:\xampp\htdocs\tes\system\CodeIgniter.php(832): App\Controllers\Home->barang()
#7 C:\xampp\htdocs\tes\system\CodeIgniter.php(419): CodeIgniter\CodeIgniter->runController(Object(App\Controllers\Home))
#8 C:\xampp\htdocs\tes\system\CodeIgniter.php(326): CodeIgniter\CodeIgniter->handleRequest(NULL, Object(Config\Cache), false)
#9 C:\xampp\htdocs\tes\public\index.php(37): CodeIgniter\CodeIgniter->run()
#10 C:\xampp\htdocs\tes\system\Commands\Server\rewrite.php(43): require_once('C:\\xampp\\htdocs...')
#11 {main}
