CRITICAL - 2023-12-08 01:48:07 --> Invalid file: kontak.php
#0 C:\xampp\htdocs\jel\system\View\View.php(198): CodeIgniter\Exceptions\FrameworkException::forInvalidFile('kontak.php')
#1 C:\xampp\htdocs\jel\system\Common.php(1089): CodeIgniter\View\View->render('kontak', Array, true)
#2 C:\xampp\htdocs\jel\app\Controllers\Home.php(156): view('kontak')
#3 C:\xampp\htdocs\jel\system\CodeIgniter.php(832): App\Controllers\Home->kontak()
#4 C:\xampp\htdocs\jel\system\CodeIgniter.php(419): CodeIgniter\CodeIgniter->runController(Object(App\Controllers\Home))
#5 C:\xampp\htdocs\jel\system\CodeIgniter.php(326): CodeIgniter\CodeIgniter->handleRequest(NULL, Object(Config\Cache), false)
#6 C:\xampp\htdocs\jel\public\index.php(37): CodeIgniter\CodeIgniter->run()
#7 C:\xampp\htdocs\jel\system\Commands\Server\rewrite.php(43): require_once('C:\\xampp\\htdocs...')
#8 {main}
CRITICAL - 2023-12-08 01:48:11 --> Invalid file: kontak.php
#0 C:\xampp\htdocs\jel\system\View\View.php(198): CodeIgniter\Exceptions\FrameworkException::forInvalidFile('kontak.php')
#1 C:\xampp\htdocs\jel\system\Common.php(1089): CodeIgniter\View\View->render('kontak', Array, true)
#2 C:\xampp\htdocs\jel\app\Controllers\Home.php(156): view('kontak')
#3 C:\xampp\htdocs\jel\system\CodeIgniter.php(832): App\Controllers\Home->kontak()
#4 C:\xampp\htdocs\jel\system\CodeIgniter.php(419): CodeIgniter\CodeIgniter->runController(Object(App\Controllers\Home))
#5 C:\xampp\htdocs\jel\system\CodeIgniter.php(326): CodeIgniter\CodeIgniter->handleRequest(NULL, Object(Config\Cache), false)
#6 C:\xampp\htdocs\jel\public\index.php(37): CodeIgniter\CodeIgniter->run()
#7 C:\xampp\htdocs\jel\system\Commands\Server\rewrite.php(43): require_once('C:\\xampp\\htdocs...')
#8 {main}
